mode: set
github.com/nomnom-lk/backend/internal/database/postgres.go:13.57,17.16 2 0
github.com/nomnom-lk/backend/internal/database/postgres.go:17.16,19.3 1 0
github.com/nomnom-lk/backend/internal/database/postgres.go:21.2,22.16 2 0
github.com/nomnom-lk/backend/internal/database/postgres.go:22.16,24.3 1 0
github.com/nomnom-lk/backend/internal/database/postgres.go:26.2,43.16 3 0
github.com/nomnom-lk/backend/internal/database/postgres.go:43.16,45.3 1 0
github.com/nomnom-lk/backend/internal/database/postgres.go:47.2,50.11 3 0
github.com/nomnom-lk/backend/internal/database/postgres.go:53.38,70.34 2 0
github.com/nomnom-lk/backend/internal/database/postgres.go:70.34,71.45 1 0
github.com/nomnom-lk/backend/internal/database/postgres.go:71.45,73.4 1 0
github.com/nomnom-lk/backend/internal/database/postgres.go:75.2,75.47 1 0
github.com/nomnom-lk/backend/internal/database/redis.go:11.60,18.64 2 0
github.com/nomnom-lk/backend/internal/database/redis.go:18.64,20.3 1 0
github.com/nomnom-lk/backend/internal/database/redis.go:22.2,23.15 2 0
github.com/nomnom-lk/backend/internal/config/config.go:96.68,98.16 2 0
github.com/nomnom-lk/backend/internal/config/config.go:98.16,100.3 1 0
github.com/nomnom-lk/backend/internal/config/config.go:102.2,104.16 3 0
github.com/nomnom-lk/backend/internal/config/config.go:104.16,107.3 2 0
github.com/nomnom-lk/backend/internal/config/config.go:109.2,110.19 2 0
github.com/nomnom-lk/backend/internal/config/config.go:110.19,112.3 1 0
github.com/nomnom-lk/backend/internal/config/config.go:114.2,121.8 1 0
github.com/nomnom-lk/backend/internal/config/config.go:124.30,130.42 5 0
github.com/nomnom-lk/backend/internal/config/config.go:130.42,131.56 1 0
github.com/nomnom-lk/backend/internal/config/config.go:131.56,132.27 1 0
github.com/nomnom-lk/backend/internal/config/config.go:132.27,134.5 1 0
github.com/nomnom-lk/backend/internal/config/config.go:138.2,140.61 2 0
github.com/nomnom-lk/backend/internal/config/config.go:140.61,141.53 1 0
github.com/nomnom-lk/backend/internal/config/config.go:141.53,143.4 1 0
github.com/nomnom-lk/backend/internal/config/config.go:145.2,186.53 31 0
github.com/nomnom-lk/backend/internal/config/config.go:186.53,188.17 2 0
github.com/nomnom-lk/backend/internal/config/config.go:188.17,190.4 1 0
github.com/nomnom-lk/backend/internal/config/config.go:191.3,196.43 6 0
github.com/nomnom-lk/backend/internal/config/config.go:200.2,200.56 1 0
github.com/nomnom-lk/backend/internal/config/config.go:200.56,202.17 2 0
github.com/nomnom-lk/backend/internal/config/config.go:202.17,204.4 1 0
github.com/nomnom-lk/backend/internal/config/config.go:205.3,208.17 4 0
github.com/nomnom-lk/backend/internal/config/config.go:208.17,211.4 2 0
github.com/nomnom-lk/backend/internal/config/config.go:211.9,213.4 1 0
github.com/nomnom-lk/backend/internal/config/config.go:216.2,268.8 1 0
github.com/nomnom-lk/backend/internal/config/config.go:271.39,278.2 1 0
github.com/nomnom-lk/backend/internal/config/config.go:280.37,282.2 1 0
github.com/nomnom-lk/backend/internal/handlers/admin_handler.go:36.17,44.2 1 0
github.com/nomnom-lk/backend/internal/handlers/admin_handler.go:46.46,62.2 7 0
github.com/nomnom-lk/backend/internal/handlers/admin_handler.go:64.54,67.41 3 0
github.com/nomnom-lk/backend/internal/handlers/admin_handler.go:67.41,69.3 1 0
github.com/nomnom-lk/backend/internal/handlers/admin_handler.go:71.2,72.16 2 0
github.com/nomnom-lk/backend/internal/handlers/admin_handler.go:72.16,75.3 2 0
github.com/nomnom-lk/backend/internal/handlers/admin_handler.go:77.2,78.16 2 0
github.com/nomnom-lk/backend/internal/handlers/admin_handler.go:78.16,81.3 2 0
github.com/nomnom-lk/backend/internal/handlers/admin_handler.go:83.2,86.4 1 0
github.com/nomnom-lk/backend/internal/handlers/admin_handler.go:89.58,93.16 3 0
github.com/nomnom-lk/backend/internal/handlers/admin_handler.go:93.16,96.3 2 0
github.com/nomnom-lk/backend/internal/handlers/admin_handler.go:98.2,99.34 2 0
github.com/nomnom-lk/backend/internal/handlers/admin_handler.go:99.34,101.20 2 0
github.com/nomnom-lk/backend/internal/handlers/admin_handler.go:101.20,103.4 1 0
github.com/nomnom-lk/backend/internal/handlers/admin_handler.go:104.3,114.4 1 0
github.com/nomnom-lk/backend/internal/handlers/admin_handler.go:117.2,117.68 1 0
github.com/nomnom-lk/backend/internal/handlers/admin_handler.go:120.56,122.47 2 0
github.com/nomnom-lk/backend/internal/handlers/admin_handler.go:122.47,127.3 2 0
github.com/nomnom-lk/backend/internal/handlers/admin_handler.go:129.2,129.20 1 0
github.com/nomnom-lk/backend/internal/handlers/admin_handler.go:130.17,131.95 1 0
github.com/nomnom-lk/backend/internal/handlers/admin_handler.go:131.95,134.4 2 0
github.com/nomnom-lk/backend/internal/handlers/admin_handler.go:135.16,136.95 1 0
github.com/nomnom-lk/backend/internal/handlers/admin_handler.go:136.95,139.4 2 0
github.com/nomnom-lk/backend/internal/handlers/admin_handler.go:140.16,141.62 1 0
github.com/nomnom-lk/backend/internal/handlers/admin_handler.go:141.62,144.4 2 0
github.com/nomnom-lk/backend/internal/handlers/admin_handler.go:145.10,149.9 2 0
github.com/nomnom-lk/backend/internal/handlers/admin_handler.go:152.2,152.47 1 0
github.com/nomnom-lk/backend/internal/handlers/admin_handler.go:152.47,157.3 3 0
github.com/nomnom-lk/backend/internal/handlers/admin_handler.go:159.2,159.54 1 0
github.com/nomnom-lk/backend/internal/handlers/admin_handler.go:162.51,164.47 2 0
github.com/nomnom-lk/backend/internal/handlers/admin_handler.go:164.47,169.3 2 0
github.com/nomnom-lk/backend/internal/handlers/admin_handler.go:171.2,171.20 1 0
github.com/nomnom-lk/backend/internal/handlers/admin_handler.go:172.17,173.85 1 0
github.com/nomnom-lk/backend/internal/handlers/admin_handler.go:173.85,176.4 2 0
github.com/nomnom-lk/backend/internal/handlers/admin_handler.go:177.16,178.85 1 0
github.com/nomnom-lk/backend/internal/handlers/admin_handler.go:178.85,181.4 2 0
github.com/nomnom-lk/backend/internal/handlers/admin_handler.go:182.16,183.57 1 0
github.com/nomnom-lk/backend/internal/handlers/admin_handler.go:183.57,186.4 2 0
github.com/nomnom-lk/backend/internal/handlers/admin_handler.go:187.10,191.9 2 0
github.com/nomnom-lk/backend/internal/handlers/admin_handler.go:194.2,194.47 1 0
github.com/nomnom-lk/backend/internal/handlers/admin_handler.go:194.47,199.3 3 0
github.com/nomnom-lk/backend/internal/handlers/admin_handler.go:201.2,201.54 1 0
github.com/nomnom-lk/backend/internal/handlers/admin_handler.go:204.51,208.16 3 0
github.com/nomnom-lk/backend/internal/handlers/admin_handler.go:208.16,211.3 2 0
github.com/nomnom-lk/backend/internal/handlers/admin_handler.go:213.2,214.27 2 0
github.com/nomnom-lk/backend/internal/handlers/admin_handler.go:214.27,224.3 1 0
github.com/nomnom-lk/backend/internal/handlers/admin_handler.go:226.2,226.68 1 0
github.com/nomnom-lk/backend/internal/handlers/admin_handler.go:229.64,231.16 2 0
github.com/nomnom-lk/backend/internal/handlers/admin_handler.go:231.16,234.3 2 0
github.com/nomnom-lk/backend/internal/handlers/admin_handler.go:235.2,235.26 1 0
github.com/nomnom-lk/backend/internal/handlers/admin_handler.go:238.59,243.28 4 0
github.com/nomnom-lk/backend/internal/handlers/admin_handler.go:243.28,249.3 1 0
github.com/nomnom-lk/backend/internal/handlers/admin_handler.go:251.2,254.4 1 0
github.com/nomnom-lk/backend/internal/handlers/admin_handler.go:257.60,260.42 3 0
github.com/nomnom-lk/backend/internal/handlers/admin_handler.go:260.42,262.3 1 0
github.com/nomnom-lk/backend/internal/handlers/admin_handler.go:264.2,265.16 2 0
github.com/nomnom-lk/backend/internal/handlers/admin_handler.go:265.16,268.3 2 0
github.com/nomnom-lk/backend/internal/handlers/admin_handler.go:269.2,269.29 1 0
github.com/nomnom-lk/backend/internal/handlers/admin_handler.go:272.60,281.15 8 0
github.com/nomnom-lk/backend/internal/handlers/admin_handler.go:281.15,283.3 1 0
github.com/nomnom-lk/backend/internal/handlers/admin_handler.go:285.2,292.4 1 0
github.com/nomnom-lk/backend/internal/handlers/admin_handler.go:295.50,297.47 2 0
github.com/nomnom-lk/backend/internal/handlers/admin_handler.go:297.47,302.3 2 0
github.com/nomnom-lk/backend/internal/handlers/admin_handler.go:304.2,304.20 1 0
github.com/nomnom-lk/backend/internal/handlers/admin_handler.go:305.18,306.58 1 0
github.com/nomnom-lk/backend/internal/handlers/admin_handler.go:306.58,309.4 2 0
github.com/nomnom-lk/backend/internal/handlers/admin_handler.go:310.20,311.60 1 0
github.com/nomnom-lk/backend/internal/handlers/admin_handler.go:311.60,314.4 2 0
github.com/nomnom-lk/backend/internal/handlers/admin_handler.go:315.16,316.56 1 0
github.com/nomnom-lk/backend/internal/handlers/admin_handler.go:316.56,319.4 2 0
github.com/nomnom-lk/backend/internal/handlers/admin_handler.go:320.10,324.9 2 0
github.com/nomnom-lk/backend/internal/handlers/admin_handler.go:327.2,327.47 1 0
github.com/nomnom-lk/backend/internal/handlers/admin_handler.go:327.47,332.3 3 0
github.com/nomnom-lk/backend/internal/handlers/admin_handler.go:334.2,334.54 1 0
github.com/nomnom-lk/backend/internal/handlers/audit_log_handler.go:16.73,18.2 1 0
github.com/nomnom-lk/backend/internal/handlers/audit_log_handler.go:20.48,24.47 3 0
github.com/nomnom-lk/backend/internal/handlers/audit_log_handler.go:24.47,26.3 1 0
github.com/nomnom-lk/backend/internal/handlers/audit_log_handler.go:27.2,27.41 1 0
github.com/nomnom-lk/backend/internal/handlers/audit_log_handler.go:27.41,29.3 1 0
github.com/nomnom-lk/backend/internal/handlers/audit_log_handler.go:31.2,43.16 3 0
github.com/nomnom-lk/backend/internal/handlers/audit_log_handler.go:43.16,46.3 2 0
github.com/nomnom-lk/backend/internal/handlers/audit_log_handler.go:48.2,49.25 2 0
github.com/nomnom-lk/backend/internal/handlers/audit_log_handler.go:49.25,61.3 1 0
github.com/nomnom-lk/backend/internal/handlers/audit_log_handler.go:63.2,63.68 1 0
github.com/nomnom-lk/backend/internal/handlers/auth_handler.go:21.149,27.2 1 0
github.com/nomnom-lk/backend/internal/handlers/auth_handler.go:39.48,41.47 2 0
github.com/nomnom-lk/backend/internal/handlers/auth_handler.go:41.47,46.3 2 0
github.com/nomnom-lk/backend/internal/handlers/auth_handler.go:48.2,48.82 1 0
github.com/nomnom-lk/backend/internal/handlers/auth_handler.go:48.82,49.48 1 0
github.com/nomnom-lk/backend/internal/handlers/auth_handler.go:49.48,52.4 2 0
github.com/nomnom-lk/backend/internal/handlers/auth_handler.go:53.3,54.9 2 0
github.com/nomnom-lk/backend/internal/handlers/auth_handler.go:57.2,60.70 2 0
github.com/nomnom-lk/backend/internal/handlers/auth_handler.go:60.70,63.3 2 0
github.com/nomnom-lk/backend/internal/handlers/auth_handler.go:65.2,65.86 1 0
github.com/nomnom-lk/backend/internal/handlers/auth_handler.go:77.45,79.47 2 0
github.com/nomnom-lk/backend/internal/handlers/auth_handler.go:79.47,84.3 2 0
github.com/nomnom-lk/backend/internal/handlers/auth_handler.go:86.2,87.16 2 0
github.com/nomnom-lk/backend/internal/handlers/auth_handler.go:87.16,89.81 2 0
github.com/nomnom-lk/backend/internal/handlers/auth_handler.go:89.81,91.4 1 0
github.com/nomnom-lk/backend/internal/handlers/auth_handler.go:92.3,95.9 3 0
github.com/nomnom-lk/backend/internal/handlers/auth_handler.go:98.2,101.31 2 0
github.com/nomnom-lk/backend/internal/handlers/auth_handler.go:112.53,114.47 2 0
github.com/nomnom-lk/backend/internal/handlers/auth_handler.go:114.47,119.3 2 0
github.com/nomnom-lk/backend/internal/handlers/auth_handler.go:121.2,123.35 2 0
github.com/nomnom-lk/backend/internal/handlers/auth_handler.go:123.35,125.17 2 0
github.com/nomnom-lk/backend/internal/handlers/auth_handler.go:125.17,128.4 2 0
github.com/nomnom-lk/backend/internal/handlers/auth_handler.go:129.3,130.46 2 0
github.com/nomnom-lk/backend/internal/handlers/auth_handler.go:130.46,132.4 1 0
github.com/nomnom-lk/backend/internal/handlers/auth_handler.go:133.3,133.45 1 0
github.com/nomnom-lk/backend/internal/handlers/auth_handler.go:133.45,135.4 1 0
github.com/nomnom-lk/backend/internal/handlers/auth_handler.go:136.8,140.3 3 0
github.com/nomnom-lk/backend/internal/handlers/auth_handler.go:142.2,143.16 2 0
github.com/nomnom-lk/backend/internal/handlers/auth_handler.go:143.16,145.81 2 0
github.com/nomnom-lk/backend/internal/handlers/auth_handler.go:145.81,147.4 1 0
github.com/nomnom-lk/backend/internal/handlers/auth_handler.go:148.3,151.9 3 0
github.com/nomnom-lk/backend/internal/handlers/auth_handler.go:154.2,157.31 2 0
github.com/nomnom-lk/backend/internal/handlers/auth_handler.go:169.56,171.47 2 0
github.com/nomnom-lk/backend/internal/handlers/auth_handler.go:171.47,176.3 2 0
github.com/nomnom-lk/backend/internal/handlers/auth_handler.go:178.2,178.70 1 0
github.com/nomnom-lk/backend/internal/handlers/auth_handler.go:178.70,181.3 2 0
github.com/nomnom-lk/backend/internal/handlers/auth_handler.go:183.2,183.67 1 0
github.com/nomnom-lk/backend/internal/handlers/auth_handler.go:195.51,197.47 2 0
github.com/nomnom-lk/backend/internal/handlers/auth_handler.go:197.47,202.3 2 0
github.com/nomnom-lk/backend/internal/handlers/auth_handler.go:204.2,205.16 2 0
github.com/nomnom-lk/backend/internal/handlers/auth_handler.go:205.16,208.3 2 0
github.com/nomnom-lk/backend/internal/handlers/auth_handler.go:210.2,210.31 1 0
github.com/nomnom-lk/backend/internal/handlers/auth_handler.go:222.47,224.47 2 0
github.com/nomnom-lk/backend/internal/handlers/auth_handler.go:224.47,229.3 2 0
github.com/nomnom-lk/backend/internal/handlers/auth_handler.go:231.2,232.16 2 0
github.com/nomnom-lk/backend/internal/handlers/auth_handler.go:232.16,235.3 2 0
github.com/nomnom-lk/backend/internal/handlers/auth_handler.go:237.2,237.31 1 0
github.com/nomnom-lk/backend/internal/handlers/auth_handler.go:248.46,250.13 2 0
github.com/nomnom-lk/backend/internal/handlers/auth_handler.go:250.13,253.3 2 0
github.com/nomnom-lk/backend/internal/handlers/auth_handler.go:255.2,256.20 2 0
github.com/nomnom-lk/backend/internal/handlers/auth_handler.go:256.20,258.3 1 0
github.com/nomnom-lk/backend/internal/handlers/auth_handler.go:259.2,261.53 2 0
github.com/nomnom-lk/backend/internal/handlers/auth_handler.go:261.53,264.3 2 0
github.com/nomnom-lk/backend/internal/handlers/auth_handler.go:266.2,269.32 2 0
github.com/nomnom-lk/backend/internal/handlers/banner_handler.go:23.137,29.2 1 0
github.com/nomnom-lk/backend/internal/handlers/banner_handler.go:51.46,53.16 2 0
github.com/nomnom-lk/backend/internal/handlers/banner_handler.go:53.16,56.3 2 0
github.com/nomnom-lk/backend/internal/handlers/banner_handler.go:57.2,57.20 1 0
github.com/nomnom-lk/backend/internal/handlers/banner_handler.go:57.20,59.3 1 0
github.com/nomnom-lk/backend/internal/handlers/banner_handler.go:60.2,60.30 1 0
github.com/nomnom-lk/backend/internal/handlers/banner_handler.go:63.48,65.47 2 0
github.com/nomnom-lk/backend/internal/handlers/banner_handler.go:65.47,70.3 2 0
github.com/nomnom-lk/backend/internal/handlers/banner_handler.go:72.2,81.26 2 0
github.com/nomnom-lk/backend/internal/handlers/banner_handler.go:81.26,82.54 1 0
github.com/nomnom-lk/backend/internal/handlers/banner_handler.go:82.54,84.4 1 0
github.com/nomnom-lk/backend/internal/handlers/banner_handler.go:86.2,86.24 1 0
github.com/nomnom-lk/backend/internal/handlers/banner_handler.go:86.24,87.52 1 0
github.com/nomnom-lk/backend/internal/handlers/banner_handler.go:87.52,89.4 1 0
github.com/nomnom-lk/backend/internal/handlers/banner_handler.go:91.2,91.24 1 0
github.com/nomnom-lk/backend/internal/handlers/banner_handler.go:91.24,92.54 1 0
github.com/nomnom-lk/backend/internal/handlers/banner_handler.go:92.54,94.4 1 0
github.com/nomnom-lk/backend/internal/handlers/banner_handler.go:97.2,97.46 1 0
github.com/nomnom-lk/backend/internal/handlers/banner_handler.go:97.46,100.3 2 0
github.com/nomnom-lk/backend/internal/handlers/banner_handler.go:102.2,102.47 1 0
github.com/nomnom-lk/backend/internal/handlers/banner_handler.go:102.47,107.3 3 0
github.com/nomnom-lk/backend/internal/handlers/banner_handler.go:109.2,109.36 1 0
github.com/nomnom-lk/backend/internal/handlers/banner_handler.go:112.48,114.16 2 0
github.com/nomnom-lk/backend/internal/handlers/banner_handler.go:114.16,119.3 2 0
github.com/nomnom-lk/backend/internal/handlers/banner_handler.go:121.2,122.16 2 0
github.com/nomnom-lk/backend/internal/handlers/banner_handler.go:122.16,125.3 2 0
github.com/nomnom-lk/backend/internal/handlers/banner_handler.go:127.2,128.47 2 0
github.com/nomnom-lk/backend/internal/handlers/banner_handler.go:128.47,133.3 2 0
github.com/nomnom-lk/backend/internal/handlers/banner_handler.go:135.2,141.26 7 0
github.com/nomnom-lk/backend/internal/handlers/banner_handler.go:141.26,142.54 1 0
github.com/nomnom-lk/backend/internal/handlers/banner_handler.go:142.54,144.4 1 0
github.com/nomnom-lk/backend/internal/handlers/banner_handler.go:145.8,147.3 1 0
github.com/nomnom-lk/backend/internal/handlers/banner_handler.go:148.2,148.24 1 0
github.com/nomnom-lk/backend/internal/handlers/banner_handler.go:148.24,149.52 1 0
github.com/nomnom-lk/backend/internal/handlers/banner_handler.go:149.52,151.4 1 0
github.com/nomnom-lk/backend/internal/handlers/banner_handler.go:152.8,154.3 1 0
github.com/nomnom-lk/backend/internal/handlers/banner_handler.go:155.2,155.24 1 0
github.com/nomnom-lk/backend/internal/handlers/banner_handler.go:155.24,156.54 1 0
github.com/nomnom-lk/backend/internal/handlers/banner_handler.go:156.54,158.4 1 0
github.com/nomnom-lk/backend/internal/handlers/banner_handler.go:159.8,161.3 1 0
github.com/nomnom-lk/backend/internal/handlers/banner_handler.go:163.2,163.46 1 0
github.com/nomnom-lk/backend/internal/handlers/banner_handler.go:163.46,166.3 2 0
github.com/nomnom-lk/backend/internal/handlers/banner_handler.go:168.2,168.47 1 0
github.com/nomnom-lk/backend/internal/handlers/banner_handler.go:168.47,173.3 3 0
github.com/nomnom-lk/backend/internal/handlers/banner_handler.go:175.2,175.29 1 0
github.com/nomnom-lk/backend/internal/handlers/banner_handler.go:178.48,180.16 2 0
github.com/nomnom-lk/backend/internal/handlers/banner_handler.go:180.16,185.3 2 0
github.com/nomnom-lk/backend/internal/handlers/banner_handler.go:187.2,189.19 3 0
github.com/nomnom-lk/backend/internal/handlers/banner_handler.go:189.19,191.3 1 0
github.com/nomnom-lk/backend/internal/handlers/banner_handler.go:193.2,193.42 1 0
github.com/nomnom-lk/backend/internal/handlers/banner_handler.go:193.42,196.3 2 0
github.com/nomnom-lk/backend/internal/handlers/banner_handler.go:198.2,198.47 1 0
github.com/nomnom-lk/backend/internal/handlers/banner_handler.go:198.47,203.3 3 0
github.com/nomnom-lk/backend/internal/handlers/banner_handler.go:205.2,205.30 1 0
github.com/nomnom-lk/backend/internal/handlers/banner_handler.go:208.49,210.16 2 0
github.com/nomnom-lk/backend/internal/handlers/banner_handler.go:210.16,215.3 2 0
github.com/nomnom-lk/backend/internal/handlers/banner_handler.go:217.2,217.43 1 0
github.com/nomnom-lk/backend/internal/handlers/banner_handler.go:217.43,220.3 2 0
github.com/nomnom-lk/backend/internal/handlers/banner_handler.go:222.2,222.47 1 0
github.com/nomnom-lk/backend/internal/handlers/banner_handler.go:222.47,227.3 3 0
github.com/nomnom-lk/backend/internal/handlers/banner_handler.go:229.2,229.71 1 0
github.com/nomnom-lk/backend/internal/handlers/banner_handler.go:232.48,234.16 2 0
github.com/nomnom-lk/backend/internal/handlers/banner_handler.go:234.16,239.3 2 0
github.com/nomnom-lk/backend/internal/handlers/banner_handler.go:241.2,241.42 1 0
github.com/nomnom-lk/backend/internal/handlers/banner_handler.go:241.42,244.3 2 0
github.com/nomnom-lk/backend/internal/handlers/banner_handler.go:246.2,246.47 1 0
github.com/nomnom-lk/backend/internal/handlers/banner_handler.go:246.47,251.3 3 0
github.com/nomnom-lk/backend/internal/handlers/banner_handler.go:253.2,253.71 1 0
github.com/nomnom-lk/backend/internal/handlers/banner_handler.go:258.51,262.16 3 0
github.com/nomnom-lk/backend/internal/handlers/banner_handler.go:262.16,265.3 2 0
github.com/nomnom-lk/backend/internal/handlers/banner_handler.go:266.2,266.20 1 0
github.com/nomnom-lk/backend/internal/handlers/banner_handler.go:266.20,268.3 1 0
github.com/nomnom-lk/backend/internal/handlers/banner_handler.go:269.2,269.30 1 0
github.com/nomnom-lk/backend/internal/handlers/banner_handler.go:272.53,276.47 3 0
github.com/nomnom-lk/backend/internal/handlers/banner_handler.go:276.47,281.3 2 0
github.com/nomnom-lk/backend/internal/handlers/banner_handler.go:283.2,284.16 2 0
github.com/nomnom-lk/backend/internal/handlers/banner_handler.go:284.16,289.3 2 0
github.com/nomnom-lk/backend/internal/handlers/banner_handler.go:291.2,292.16 2 0
github.com/nomnom-lk/backend/internal/handlers/banner_handler.go:292.16,297.3 2 0
github.com/nomnom-lk/backend/internal/handlers/banner_handler.go:299.2,299.64 1 0
github.com/nomnom-lk/backend/internal/handlers/banner_handler.go:299.64,304.3 2 0
github.com/nomnom-lk/backend/internal/handlers/banner_handler.go:306.2,306.42 1 0
github.com/nomnom-lk/backend/internal/handlers/banner_handler.go:306.42,309.3 2 0
github.com/nomnom-lk/backend/internal/handlers/banner_handler.go:311.2,321.46 2 0
github.com/nomnom-lk/backend/internal/handlers/banner_handler.go:321.46,324.3 2 0
github.com/nomnom-lk/backend/internal/handlers/banner_handler.go:326.2,326.47 1 0
github.com/nomnom-lk/backend/internal/handlers/banner_handler.go:326.47,331.3 3 0
github.com/nomnom-lk/backend/internal/handlers/banner_handler.go:333.2,333.36 1 0
github.com/nomnom-lk/backend/internal/handlers/banner_handler.go:336.53,338.16 2 0
github.com/nomnom-lk/backend/internal/handlers/banner_handler.go:338.16,343.3 2 0
github.com/nomnom-lk/backend/internal/handlers/banner_handler.go:345.2,348.16 3 0
github.com/nomnom-lk/backend/internal/handlers/banner_handler.go:348.16,351.3 2 0
github.com/nomnom-lk/backend/internal/handlers/banner_handler.go:353.2,353.57 1 0
github.com/nomnom-lk/backend/internal/handlers/banner_handler.go:353.57,356.3 2 0
github.com/nomnom-lk/backend/internal/handlers/banner_handler.go:358.2,358.85 1 0
github.com/nomnom-lk/backend/internal/handlers/banner_handler.go:358.85,361.3 2 0
github.com/nomnom-lk/backend/internal/handlers/banner_handler.go:363.2,364.47 2 0
github.com/nomnom-lk/backend/internal/handlers/banner_handler.go:364.47,369.3 2 0
github.com/nomnom-lk/backend/internal/handlers/banner_handler.go:371.2,375.46 4 0
github.com/nomnom-lk/backend/internal/handlers/banner_handler.go:375.46,378.3 2 0
github.com/nomnom-lk/backend/internal/handlers/banner_handler.go:380.2,380.47 1 0
github.com/nomnom-lk/backend/internal/handlers/banner_handler.go:380.47,385.3 3 0
github.com/nomnom-lk/backend/internal/handlers/banner_handler.go:387.2,387.29 1 0
github.com/nomnom-lk/backend/internal/handlers/banner_handler.go:390.53,392.16 2 0
github.com/nomnom-lk/backend/internal/handlers/banner_handler.go:392.16,397.3 2 0
github.com/nomnom-lk/backend/internal/handlers/banner_handler.go:399.2,402.16 3 0
github.com/nomnom-lk/backend/internal/handlers/banner_handler.go:402.16,405.3 2 0
github.com/nomnom-lk/backend/internal/handlers/banner_handler.go:407.2,407.57 1 0
github.com/nomnom-lk/backend/internal/handlers/banner_handler.go:407.57,410.3 2 0
github.com/nomnom-lk/backend/internal/handlers/banner_handler.go:412.2,413.42 2 0
github.com/nomnom-lk/backend/internal/handlers/banner_handler.go:413.42,416.3 2 0
github.com/nomnom-lk/backend/internal/handlers/banner_handler.go:418.2,418.47 1 0
github.com/nomnom-lk/backend/internal/handlers/banner_handler.go:418.47,423.3 3 0
github.com/nomnom-lk/backend/internal/handlers/banner_handler.go:425.2,425.30 1 0
github.com/nomnom-lk/backend/internal/handlers/banner_handler.go:430.52,432.16 2 0
github.com/nomnom-lk/backend/internal/handlers/banner_handler.go:432.16,435.3 2 0
github.com/nomnom-lk/backend/internal/handlers/banner_handler.go:436.2,436.20 1 0
github.com/nomnom-lk/backend/internal/handlers/banner_handler.go:436.20,438.3 1 0
github.com/nomnom-lk/backend/internal/handlers/banner_handler.go:439.2,439.30 1 0
github.com/nomnom-lk/backend/internal/handlers/banner_handler.go:442.52,444.16 2 0
github.com/nomnom-lk/backend/internal/handlers/banner_handler.go:444.16,449.3 2 0
github.com/nomnom-lk/backend/internal/handlers/banner_handler.go:451.2,451.55 1 0
github.com/nomnom-lk/backend/internal/handlers/banner_handler.go:451.55,454.3 2 0
github.com/nomnom-lk/backend/internal/handlers/banner_handler.go:456.2,456.30 1 0
github.com/nomnom-lk/backend/internal/handlers/banner_handler.go:459.45,465.28 2 0
github.com/nomnom-lk/backend/internal/handlers/banner_handler.go:465.28,466.45 1 0
github.com/nomnom-lk/backend/internal/handlers/banner_handler.go:466.45,468.4 1 0
github.com/nomnom-lk/backend/internal/handlers/banner_handler.go:470.2,470.63 1 0
github.com/nomnom-lk/backend/internal/handlers/category_handler.go:17.73,19.2 1 0
github.com/nomnom-lk/backend/internal/handlers/category_handler.go:25.34,29.2 3 0
github.com/nomnom-lk/backend/internal/handlers/category_handler.go:31.48,33.16 2 0
github.com/nomnom-lk/backend/internal/handlers/category_handler.go:33.16,36.3 2 0
github.com/nomnom-lk/backend/internal/handlers/category_handler.go:37.2,37.17 1 0
github.com/nomnom-lk/backend/internal/handlers/category_handler.go:37.17,39.3 1 0
github.com/nomnom-lk/backend/internal/handlers/category_handler.go:40.2,40.27 1 0
github.com/nomnom-lk/backend/internal/handlers/category_handler.go:43.50,45.47 2 0
github.com/nomnom-lk/backend/internal/handlers/category_handler.go:45.47,48.3 2 0
github.com/nomnom-lk/backend/internal/handlers/category_handler.go:50.2,54.43 2 0
github.com/nomnom-lk/backend/internal/handlers/category_handler.go:54.43,57.3 2 0
github.com/nomnom-lk/backend/internal/handlers/category_handler.go:58.2,58.33 1 0
github.com/nomnom-lk/backend/internal/handlers/category_handler.go:61.50,63.16 2 0
github.com/nomnom-lk/backend/internal/handlers/category_handler.go:63.16,66.3 2 0
github.com/nomnom-lk/backend/internal/handlers/category_handler.go:68.2,69.47 2 0
github.com/nomnom-lk/backend/internal/handlers/category_handler.go:69.47,72.3 2 0
github.com/nomnom-lk/backend/internal/handlers/category_handler.go:74.2,75.16 2 0
github.com/nomnom-lk/backend/internal/handlers/category_handler.go:75.16,78.3 2 0
github.com/nomnom-lk/backend/internal/handlers/category_handler.go:80.2,82.43 3 0
github.com/nomnom-lk/backend/internal/handlers/category_handler.go:82.43,85.3 2 0
github.com/nomnom-lk/backend/internal/handlers/category_handler.go:86.2,86.26 1 0
github.com/nomnom-lk/backend/internal/handlers/category_handler.go:89.50,91.16 2 0
github.com/nomnom-lk/backend/internal/handlers/category_handler.go:91.16,94.3 2 0
github.com/nomnom-lk/backend/internal/handlers/category_handler.go:95.2,95.42 1 0
github.com/nomnom-lk/backend/internal/handlers/category_handler.go:95.42,98.3 2 0
github.com/nomnom-lk/backend/internal/handlers/category_handler.go:99.2,99.30 1 0
github.com/nomnom-lk/backend/internal/handlers/coupon_handler.go:17.67,19.2 1 0
github.com/nomnom-lk/backend/internal/handlers/coupon_handler.go:31.46,34.16 3 0
github.com/nomnom-lk/backend/internal/handlers/coupon_handler.go:34.16,37.3 2 0
github.com/nomnom-lk/backend/internal/handlers/coupon_handler.go:38.2,38.20 1 0
github.com/nomnom-lk/backend/internal/handlers/coupon_handler.go:38.20,40.3 1 0
github.com/nomnom-lk/backend/internal/handlers/coupon_handler.go:41.2,41.30 1 0
github.com/nomnom-lk/backend/internal/handlers/coupon_handler.go:44.48,46.47 2 0
github.com/nomnom-lk/backend/internal/handlers/coupon_handler.go:46.47,49.3 2 0
github.com/nomnom-lk/backend/internal/handlers/coupon_handler.go:51.2,52.28 2 0
github.com/nomnom-lk/backend/internal/handlers/coupon_handler.go:52.28,54.3 1 0
github.com/nomnom-lk/backend/internal/handlers/coupon_handler.go:56.2,64.24 2 0
github.com/nomnom-lk/backend/internal/handlers/coupon_handler.go:64.24,66.17 2 0
github.com/nomnom-lk/backend/internal/handlers/coupon_handler.go:66.17,68.4 1 0
github.com/nomnom-lk/backend/internal/handlers/coupon_handler.go:70.2,70.25 1 0
github.com/nomnom-lk/backend/internal/handlers/coupon_handler.go:70.25,72.17 2 0
github.com/nomnom-lk/backend/internal/handlers/coupon_handler.go:72.17,74.4 1 0
github.com/nomnom-lk/backend/internal/handlers/coupon_handler.go:77.2,77.46 1 0
github.com/nomnom-lk/backend/internal/handlers/coupon_handler.go:77.46,80.3 2 0
github.com/nomnom-lk/backend/internal/handlers/coupon_handler.go:81.2,81.36 1 0
github.com/nomnom-lk/backend/internal/handlers/coupon_handler.go:84.48,86.16 2 0
github.com/nomnom-lk/backend/internal/handlers/coupon_handler.go:86.16,89.3 2 0
github.com/nomnom-lk/backend/internal/handlers/coupon_handler.go:91.2,92.47 2 0
github.com/nomnom-lk/backend/internal/handlers/coupon_handler.go:92.47,95.3 2 0
github.com/nomnom-lk/backend/internal/handlers/coupon_handler.go:97.2,98.16 2 0
github.com/nomnom-lk/backend/internal/handlers/coupon_handler.go:98.16,101.3 2 0
github.com/nomnom-lk/backend/internal/handlers/coupon_handler.go:103.2,105.31 3 0
github.com/nomnom-lk/backend/internal/handlers/coupon_handler.go:105.31,107.3 1 0
github.com/nomnom-lk/backend/internal/handlers/coupon_handler.go:108.2,112.24 4 0
github.com/nomnom-lk/backend/internal/handlers/coupon_handler.go:112.24,115.3 2 0
github.com/nomnom-lk/backend/internal/handlers/coupon_handler.go:116.2,116.25 1 0
github.com/nomnom-lk/backend/internal/handlers/coupon_handler.go:116.25,119.3 2 0
github.com/nomnom-lk/backend/internal/handlers/coupon_handler.go:121.2,121.46 1 0
github.com/nomnom-lk/backend/internal/handlers/coupon_handler.go:121.46,124.3 2 0
github.com/nomnom-lk/backend/internal/handlers/coupon_handler.go:125.2,125.29 1 0
github.com/nomnom-lk/backend/internal/handlers/coupon_handler.go:128.48,130.16 2 0
github.com/nomnom-lk/backend/internal/handlers/coupon_handler.go:130.16,133.3 2 0
github.com/nomnom-lk/backend/internal/handlers/coupon_handler.go:134.2,134.42 1 0
github.com/nomnom-lk/backend/internal/handlers/coupon_handler.go:134.42,137.3 2 0
github.com/nomnom-lk/backend/internal/handlers/coupon_handler.go:138.2,138.30 1 0
github.com/nomnom-lk/backend/internal/handlers/coupon_handler.go:141.50,143.16 2 0
github.com/nomnom-lk/backend/internal/handlers/coupon_handler.go:143.16,146.3 2 0
github.com/nomnom-lk/backend/internal/handlers/coupon_handler.go:147.2,147.44 1 0
github.com/nomnom-lk/backend/internal/handlers/coupon_handler.go:147.44,150.3 2 0
github.com/nomnom-lk/backend/internal/handlers/coupon_handler.go:151.2,151.59 1 0
github.com/nomnom-lk/backend/internal/handlers/coupon_handler.go:154.52,156.16 2 0
github.com/nomnom-lk/backend/internal/handlers/coupon_handler.go:156.16,159.3 2 0
github.com/nomnom-lk/backend/internal/handlers/coupon_handler.go:160.2,160.46 1 0
github.com/nomnom-lk/backend/internal/handlers/coupon_handler.go:160.46,163.3 2 0
github.com/nomnom-lk/backend/internal/handlers/coupon_handler.go:164.2,164.61 1 0
github.com/nomnom-lk/backend/internal/handlers/dashboard_handler.go:26.194,33.2 1 0
github.com/nomnom-lk/backend/internal/handlers/dashboard_handler.go:35.50,39.16 3 0
github.com/nomnom-lk/backend/internal/handlers/dashboard_handler.go:39.16,42.3 2 0
github.com/nomnom-lk/backend/internal/handlers/dashboard_handler.go:43.2,43.28 1 0
github.com/nomnom-lk/backend/internal/handlers/dashboard_handler.go:46.60,53.16 6 0
github.com/nomnom-lk/backend/internal/handlers/dashboard_handler.go:53.16,56.3 2 0
github.com/nomnom-lk/backend/internal/handlers/dashboard_handler.go:58.2,59.32 2 0
github.com/nomnom-lk/backend/internal/handlers/dashboard_handler.go:59.32,61.3 1 0
github.com/nomnom-lk/backend/internal/handlers/dashboard_handler.go:63.2,63.68 1 0
github.com/nomnom-lk/backend/internal/handlers/dashboard_handler.go:66.58,69.16 3 0
github.com/nomnom-lk/backend/internal/handlers/dashboard_handler.go:69.16,74.3 2 0
github.com/nomnom-lk/backend/internal/handlers/dashboard_handler.go:76.2,77.16 2 0
github.com/nomnom-lk/backend/internal/handlers/dashboard_handler.go:77.16,80.3 2 0
github.com/nomnom-lk/backend/internal/handlers/dashboard_handler.go:82.2,82.68 1 0
github.com/nomnom-lk/backend/internal/handlers/dashboard_handler.go:85.61,87.47 2 0
github.com/nomnom-lk/backend/internal/handlers/dashboard_handler.go:87.47,92.3 2 0
github.com/nomnom-lk/backend/internal/handlers/dashboard_handler.go:94.2,97.16 3 0
github.com/nomnom-lk/backend/internal/handlers/dashboard_handler.go:97.16,100.3 2 0
github.com/nomnom-lk/backend/internal/handlers/dashboard_handler.go:102.2,104.47 2 0
github.com/nomnom-lk/backend/internal/handlers/dashboard_handler.go:104.47,109.3 3 0
github.com/nomnom-lk/backend/internal/handlers/dashboard_handler.go:111.2,111.75 1 0
github.com/nomnom-lk/backend/internal/handlers/dashboard_handler.go:114.61,116.16 2 0
github.com/nomnom-lk/backend/internal/handlers/dashboard_handler.go:116.16,121.3 2 0
github.com/nomnom-lk/backend/internal/handlers/dashboard_handler.go:123.2,124.47 2 0
github.com/nomnom-lk/backend/internal/handlers/dashboard_handler.go:124.47,129.3 2 0
github.com/nomnom-lk/backend/internal/handlers/dashboard_handler.go:131.2,134.16 3 0
github.com/nomnom-lk/backend/internal/handlers/dashboard_handler.go:134.16,137.3 2 0
github.com/nomnom-lk/backend/internal/handlers/dashboard_handler.go:139.2,141.47 2 0
github.com/nomnom-lk/backend/internal/handlers/dashboard_handler.go:141.47,146.3 3 0
github.com/nomnom-lk/backend/internal/handlers/dashboard_handler.go:148.2,148.68 1 0
github.com/nomnom-lk/backend/internal/handlers/dashboard_handler.go:151.61,153.16 2 0
github.com/nomnom-lk/backend/internal/handlers/dashboard_handler.go:153.16,158.3 2 0
github.com/nomnom-lk/backend/internal/handlers/dashboard_handler.go:160.2,164.23 4 0
github.com/nomnom-lk/backend/internal/handlers/dashboard_handler.go:164.23,166.3 1 0
github.com/nomnom-lk/backend/internal/handlers/dashboard_handler.go:168.2,168.73 1 0
github.com/nomnom-lk/backend/internal/handlers/dashboard_handler.go:168.73,171.3 2 0
github.com/nomnom-lk/backend/internal/handlers/dashboard_handler.go:173.2,173.47 1 0
github.com/nomnom-lk/backend/internal/handlers/dashboard_handler.go:173.47,178.3 3 0
github.com/nomnom-lk/backend/internal/handlers/dashboard_handler.go:180.2,181.32 2 0
github.com/nomnom-lk/backend/internal/handlers/dashboard_handler.go:184.55,192.16 7 0
github.com/nomnom-lk/backend/internal/handlers/dashboard_handler.go:192.16,195.3 2 0
github.com/nomnom-lk/backend/internal/handlers/dashboard_handler.go:197.2,198.27 2 0
github.com/nomnom-lk/backend/internal/handlers/dashboard_handler.go:198.27,200.3 1 0
github.com/nomnom-lk/backend/internal/handlers/dashboard_handler.go:202.2,202.68 1 0
github.com/nomnom-lk/backend/internal/handlers/dashboard_handler.go:205.53,208.16 3 0
github.com/nomnom-lk/backend/internal/handlers/dashboard_handler.go:208.16,213.3 2 0
github.com/nomnom-lk/backend/internal/handlers/dashboard_handler.go:215.2,216.16 2 0
github.com/nomnom-lk/backend/internal/handlers/dashboard_handler.go:216.16,219.3 2 0
github.com/nomnom-lk/backend/internal/handlers/dashboard_handler.go:221.2,221.52 1 0
github.com/nomnom-lk/backend/internal/handlers/dashboard_handler.go:224.56,226.47 2 0
github.com/nomnom-lk/backend/internal/handlers/dashboard_handler.go:226.47,231.3 2 0
github.com/nomnom-lk/backend/internal/handlers/dashboard_handler.go:233.2,236.16 3 0
github.com/nomnom-lk/backend/internal/handlers/dashboard_handler.go:236.16,239.3 2 0
github.com/nomnom-lk/backend/internal/handlers/dashboard_handler.go:241.2,241.93 1 0
github.com/nomnom-lk/backend/internal/handlers/dashboard_handler.go:241.93,243.3 1 0
github.com/nomnom-lk/backend/internal/handlers/dashboard_handler.go:245.2,247.47 2 0
github.com/nomnom-lk/backend/internal/handlers/dashboard_handler.go:247.47,252.3 3 0
github.com/nomnom-lk/backend/internal/handlers/dashboard_handler.go:254.2,254.59 1 0
github.com/nomnom-lk/backend/internal/handlers/dashboard_handler.go:257.56,259.16 2 0
github.com/nomnom-lk/backend/internal/handlers/dashboard_handler.go:259.16,264.3 2 0
github.com/nomnom-lk/backend/internal/handlers/dashboard_handler.go:266.2,267.47 2 0
github.com/nomnom-lk/backend/internal/handlers/dashboard_handler.go:267.47,272.3 2 0
github.com/nomnom-lk/backend/internal/handlers/dashboard_handler.go:274.2,277.16 3 0
github.com/nomnom-lk/backend/internal/handlers/dashboard_handler.go:277.16,280.3 2 0
github.com/nomnom-lk/backend/internal/handlers/dashboard_handler.go:282.2,284.47 2 0
github.com/nomnom-lk/backend/internal/handlers/dashboard_handler.go:284.47,289.3 3 0
github.com/nomnom-lk/backend/internal/handlers/dashboard_handler.go:291.2,291.52 1 0
github.com/nomnom-lk/backend/internal/handlers/dashboard_handler.go:294.56,296.16 2 0
github.com/nomnom-lk/backend/internal/handlers/dashboard_handler.go:296.16,301.3 2 0
github.com/nomnom-lk/backend/internal/handlers/dashboard_handler.go:303.2,307.18 4 0
github.com/nomnom-lk/backend/internal/handlers/dashboard_handler.go:307.18,309.3 1 0
github.com/nomnom-lk/backend/internal/handlers/dashboard_handler.go:311.2,311.68 1 0
github.com/nomnom-lk/backend/internal/handlers/dashboard_handler.go:311.68,314.3 2 0
github.com/nomnom-lk/backend/internal/handlers/dashboard_handler.go:316.2,318.47 2 0
github.com/nomnom-lk/backend/internal/handlers/dashboard_handler.go:318.47,323.3 3 0
github.com/nomnom-lk/backend/internal/handlers/dashboard_handler.go:325.2,326.32 2 0
github.com/nomnom-lk/backend/internal/handlers/dashboard_handler.go:329.75,349.27 3 0
github.com/nomnom-lk/backend/internal/handlers/dashboard_handler.go:349.27,355.3 2 0
github.com/nomnom-lk/backend/internal/handlers/dashboard_handler.go:357.2,357.10 1 0
github.com/nomnom-lk/backend/internal/handlers/dashboard_handler.go:360.81,383.27 3 0
github.com/nomnom-lk/backend/internal/handlers/dashboard_handler.go:383.27,385.3 1 0
github.com/nomnom-lk/backend/internal/handlers/dashboard_handler.go:387.2,387.10 1 0
github.com/nomnom-lk/backend/internal/handlers/dashboard_handler.go:390.65,394.25 3 0
github.com/nomnom-lk/backend/internal/handlers/dashboard_handler.go:394.25,403.3 8 0
github.com/nomnom-lk/backend/internal/handlers/dashboard_handler.go:405.2,409.37 1 0
github.com/nomnom-lk/backend/internal/handlers/dashboard_handler.go:409.37,409.62 1 0
github.com/nomnom-lk/backend/internal/handlers/dashboard_handler.go:409.62,409.90 1 0
github.com/nomnom-lk/backend/internal/handlers/dashboard_handler.go:409.92,409.101 1 0
github.com/nomnom-lk/backend/internal/handlers/dashboard_handler.go:425.2,425.27 1 0
github.com/nomnom-lk/backend/internal/handlers/dashboard_handler.go:425.27,431.3 2 0
github.com/nomnom-lk/backend/internal/handlers/dashboard_handler.go:433.2,433.10 1 0
github.com/nomnom-lk/backend/internal/handlers/favorite_handler.go:20.110,25.2 1 0
github.com/nomnom-lk/backend/internal/handlers/favorite_handler.go:27.48,32.16 4 0
github.com/nomnom-lk/backend/internal/handlers/favorite_handler.go:32.16,35.3 2 0
github.com/nomnom-lk/backend/internal/handlers/favorite_handler.go:37.2,38.30 2 0
github.com/nomnom-lk/backend/internal/handlers/favorite_handler.go:38.30,55.3 1 0
github.com/nomnom-lk/backend/internal/handlers/favorite_handler.go:57.2,57.68 1 0
github.com/nomnom-lk/backend/internal/handlers/favorite_handler.go:60.47,62.47 2 0
github.com/nomnom-lk/backend/internal/handlers/favorite_handler.go:62.47,67.3 2 0
github.com/nomnom-lk/backend/internal/handlers/favorite_handler.go:69.2,72.55 3 0
github.com/nomnom-lk/backend/internal/handlers/favorite_handler.go:72.55,75.3 2 0
github.com/nomnom-lk/backend/internal/handlers/favorite_handler.go:77.2,78.30 2 0
github.com/nomnom-lk/backend/internal/handlers/favorite_handler.go:81.50,83.16 2 0
github.com/nomnom-lk/backend/internal/handlers/favorite_handler.go:83.16,88.3 2 0
github.com/nomnom-lk/backend/internal/handlers/favorite_handler.go:90.2,92.58 2 0
github.com/nomnom-lk/backend/internal/handlers/favorite_handler.go:92.58,95.3 2 0
github.com/nomnom-lk/backend/internal/handlers/favorite_handler.go:97.2,98.32 2 0
github.com/nomnom-lk/backend/internal/handlers/impersonation_handler.go:18.105,20.2 1 0
github.com/nomnom-lk/backend/internal/handlers/impersonation_handler.go:26.54,28.13 2 0
github.com/nomnom-lk/backend/internal/handlers/impersonation_handler.go:28.13,31.3 2 0
github.com/nomnom-lk/backend/internal/handlers/impersonation_handler.go:33.2,34.47 2 0
github.com/nomnom-lk/backend/internal/handlers/impersonation_handler.go:34.47,39.3 2 0
github.com/nomnom-lk/backend/internal/handlers/impersonation_handler.go:41.2,42.16 2 0
github.com/nomnom-lk/backend/internal/handlers/impersonation_handler.go:42.16,47.3 2 0
github.com/nomnom-lk/backend/internal/handlers/impersonation_handler.go:49.2,50.16 2 0
github.com/nomnom-lk/backend/internal/handlers/impersonation_handler.go:50.16,52.38 2 0
github.com/nomnom-lk/backend/internal/handlers/impersonation_handler.go:52.38,54.4 1 0
github.com/nomnom-lk/backend/internal/handlers/impersonation_handler.go:55.3,56.9 2 0
github.com/nomnom-lk/backend/internal/handlers/impersonation_handler.go:59.2,68.4 1 0
github.com/nomnom-lk/backend/internal/handlers/impersonation_handler.go:71.53,73.13 2 0
github.com/nomnom-lk/backend/internal/handlers/impersonation_handler.go:73.13,75.10 2 0
github.com/nomnom-lk/backend/internal/handlers/impersonation_handler.go:75.10,78.4 2 0
github.com/nomnom-lk/backend/internal/handlers/impersonation_handler.go:79.3,80.17 2 0
github.com/nomnom-lk/backend/internal/handlers/impersonation_handler.go:80.17,83.4 2 0
github.com/nomnom-lk/backend/internal/handlers/impersonation_handler.go:84.3,85.9 2 0
github.com/nomnom-lk/backend/internal/handlers/impersonation_handler.go:88.2,89.16 2 0
github.com/nomnom-lk/backend/internal/handlers/impersonation_handler.go:89.16,92.3 2 0
github.com/nomnom-lk/backend/internal/handlers/impersonation_handler.go:94.2,95.16 2 0
github.com/nomnom-lk/backend/internal/handlers/impersonation_handler.go:95.16,98.3 2 0
github.com/nomnom-lk/backend/internal/handlers/impersonation_handler.go:100.2,101.19 2 0
github.com/nomnom-lk/backend/internal/handlers/impersonation_handler.go:101.19,108.3 1 0
github.com/nomnom-lk/backend/internal/handlers/impersonation_handler.go:110.2,113.4 1 0
github.com/nomnom-lk/backend/internal/handlers/impersonation_handler.go:116.55,118.13 2 0
github.com/nomnom-lk/backend/internal/handlers/impersonation_handler.go:118.13,123.3 2 0
github.com/nomnom-lk/backend/internal/handlers/impersonation_handler.go:125.2,126.16 2 0
github.com/nomnom-lk/backend/internal/handlers/impersonation_handler.go:126.16,131.3 2 0
github.com/nomnom-lk/backend/internal/handlers/impersonation_handler.go:133.2,134.29 2 0
github.com/nomnom-lk/backend/internal/handlers/impersonation_handler.go:134.29,139.3 2 0
github.com/nomnom-lk/backend/internal/handlers/impersonation_handler.go:141.2,142.19 2 0
github.com/nomnom-lk/backend/internal/handlers/impersonation_handler.go:142.19,149.3 1 0
github.com/nomnom-lk/backend/internal/handlers/impersonation_handler.go:151.2,155.4 1 0
github.com/nomnom-lk/backend/internal/handlers/notification_handler.go:24.71,29.36 5 0
github.com/nomnom-lk/backend/internal/handlers/notification_handler.go:29.36,31.3 1 0
github.com/nomnom-lk/backend/internal/handlers/notification_handler.go:32.2,33.13 2 0
github.com/nomnom-lk/backend/internal/handlers/notification_handler.go:44.126,49.2 1 0
github.com/nomnom-lk/backend/internal/handlers/notification_handler.go:51.92,53.2 1 0
github.com/nomnom-lk/backend/internal/handlers/notification_handler.go:55.62,57.47 2 0
github.com/nomnom-lk/backend/internal/handlers/notification_handler.go:57.47,62.3 2 0
github.com/nomnom-lk/backend/internal/handlers/notification_handler.go:64.2,66.82 2 0
github.com/nomnom-lk/backend/internal/handlers/notification_handler.go:66.82,69.3 2 0
github.com/nomnom-lk/backend/internal/handlers/notification_handler.go:71.2,71.60 1 0
github.com/nomnom-lk/backend/internal/handlers/notification_handler.go:74.64,76.47 2 0
github.com/nomnom-lk/backend/internal/handlers/notification_handler.go:76.47,81.3 2 0
github.com/nomnom-lk/backend/internal/handlers/notification_handler.go:83.2,85.70 2 0
github.com/nomnom-lk/backend/internal/handlers/notification_handler.go:85.70,88.3 2 0
github.com/nomnom-lk/backend/internal/handlers/notification_handler.go:90.2,90.30 1 0
github.com/nomnom-lk/backend/internal/handlers/notification_handler.go:93.52,98.16 4 0
github.com/nomnom-lk/backend/internal/handlers/notification_handler.go:98.16,101.3 2 0
github.com/nomnom-lk/backend/internal/handlers/notification_handler.go:103.2,104.34 2 0
github.com/nomnom-lk/backend/internal/handlers/notification_handler.go:104.34,115.3 1 0
github.com/nomnom-lk/backend/internal/handlers/notification_handler.go:117.2,117.68 1 0
github.com/nomnom-lk/backend/internal/handlers/notification_handler.go:120.58,122.16 2 0
github.com/nomnom-lk/backend/internal/handlers/notification_handler.go:122.16,127.3 2 0
github.com/nomnom-lk/backend/internal/handlers/notification_handler.go:129.2,130.57 2 0
github.com/nomnom-lk/backend/internal/handlers/notification_handler.go:130.57,133.3 2 0
github.com/nomnom-lk/backend/internal/handlers/notification_handler.go:135.2,135.30 1 0
github.com/nomnom-lk/backend/internal/handlers/notification_handler.go:138.61,140.56 2 0
github.com/nomnom-lk/backend/internal/handlers/notification_handler.go:140.56,143.3 2 0
github.com/nomnom-lk/backend/internal/handlers/notification_handler.go:145.2,145.30 1 0
github.com/nomnom-lk/backend/internal/handlers/notification_handler.go:148.59,151.16 3 0
github.com/nomnom-lk/backend/internal/handlers/notification_handler.go:151.16,154.3 2 0
github.com/nomnom-lk/backend/internal/handlers/notification_handler.go:156.2,156.51 1 0
github.com/nomnom-lk/backend/internal/handlers/notification_handler.go:159.56,161.61 2 0
github.com/nomnom-lk/backend/internal/handlers/notification_handler.go:161.61,164.3 2 0
github.com/nomnom-lk/backend/internal/handlers/notification_handler.go:166.2,167.47 2 0
github.com/nomnom-lk/backend/internal/handlers/notification_handler.go:167.47,172.3 2 0
github.com/nomnom-lk/backend/internal/handlers/notification_handler.go:174.2,174.26 1 0
github.com/nomnom-lk/backend/internal/handlers/notification_handler.go:174.26,176.17 2 0
github.com/nomnom-lk/backend/internal/handlers/notification_handler.go:176.17,181.4 2 0
github.com/nomnom-lk/backend/internal/handlers/notification_handler.go:183.3,183.29 1 0
github.com/nomnom-lk/backend/internal/handlers/notification_handler.go:183.29,186.4 2 0
github.com/nomnom-lk/backend/internal/handlers/notification_handler.go:188.3,196.47 2 0
github.com/nomnom-lk/backend/internal/handlers/notification_handler.go:196.47,198.18 2 0
github.com/nomnom-lk/backend/internal/handlers/notification_handler.go:198.18,200.5 1 0
github.com/nomnom-lk/backend/internal/handlers/notification_handler.go:202.3,202.24 1 0
github.com/nomnom-lk/backend/internal/handlers/notification_handler.go:202.24,204.18 2 0
github.com/nomnom-lk/backend/internal/handlers/notification_handler.go:204.18,206.5 1 0
github.com/nomnom-lk/backend/internal/handlers/notification_handler.go:209.3,209.52 1 0
github.com/nomnom-lk/backend/internal/handlers/notification_handler.go:209.52,212.4 2 0
github.com/nomnom-lk/backend/internal/handlers/notification_handler.go:213.3,213.48 1 0
github.com/nomnom-lk/backend/internal/handlers/notification_handler.go:213.48,218.4 3 0
github.com/nomnom-lk/backend/internal/handlers/notification_handler.go:219.3,220.9 2 0
github.com/nomnom-lk/backend/internal/handlers/notification_handler.go:223.2,229.46 2 0
github.com/nomnom-lk/backend/internal/handlers/notification_handler.go:229.46,231.17 2 0
github.com/nomnom-lk/backend/internal/handlers/notification_handler.go:231.17,233.4 1 0
github.com/nomnom-lk/backend/internal/handlers/notification_handler.go:236.2,236.23 1 0
github.com/nomnom-lk/backend/internal/handlers/notification_handler.go:236.23,238.17 2 0
github.com/nomnom-lk/backend/internal/handlers/notification_handler.go:238.17,240.4 1 0
github.com/nomnom-lk/backend/internal/handlers/notification_handler.go:243.2,243.50 1 0
github.com/nomnom-lk/backend/internal/handlers/notification_handler.go:243.50,246.3 2 0
github.com/nomnom-lk/backend/internal/handlers/notification_handler.go:248.2,248.47 1 0
github.com/nomnom-lk/backend/internal/handlers/notification_handler.go:248.47,253.3 3 0
github.com/nomnom-lk/backend/internal/handlers/notification_handler.go:255.2,255.65 1 0
github.com/nomnom-lk/backend/internal/handlers/offer_handler.go:26.173,33.2 1 0
github.com/nomnom-lk/backend/internal/handlers/offer_handler.go:35.45,42.16 6 0
github.com/nomnom-lk/backend/internal/handlers/offer_handler.go:42.16,45.3 2 0
github.com/nomnom-lk/backend/internal/handlers/offer_handler.go:47.2,48.27 2 0
github.com/nomnom-lk/backend/internal/handlers/offer_handler.go:48.27,50.3 1 0
github.com/nomnom-lk/backend/internal/handlers/offer_handler.go:52.2,52.68 1 0
github.com/nomnom-lk/backend/internal/handlers/offer_handler.go:55.44,57.16 2 0
github.com/nomnom-lk/backend/internal/handlers/offer_handler.go:57.16,62.3 2 0
github.com/nomnom-lk/backend/internal/handlers/offer_handler.go:64.2,65.16 2 0
github.com/nomnom-lk/backend/internal/handlers/offer_handler.go:65.16,68.3 2 0
github.com/nomnom-lk/backend/internal/handlers/offer_handler.go:70.2,71.51 2 0
github.com/nomnom-lk/backend/internal/handlers/offer_handler.go:74.47,76.47 2 0
github.com/nomnom-lk/backend/internal/handlers/offer_handler.go:76.47,81.3 2 0
github.com/nomnom-lk/backend/internal/handlers/offer_handler.go:83.2,88.16 5 0
github.com/nomnom-lk/backend/internal/handlers/offer_handler.go:88.16,91.3 2 0
github.com/nomnom-lk/backend/internal/handlers/offer_handler.go:94.2,94.62 1 0
github.com/nomnom-lk/backend/internal/handlers/offer_handler.go:94.62,96.3 1 0
github.com/nomnom-lk/backend/internal/handlers/offer_handler.go:98.2,100.44 2 0
github.com/nomnom-lk/backend/internal/handlers/offer_handler.go:100.44,105.3 3 0
github.com/nomnom-lk/backend/internal/handlers/offer_handler.go:107.2,107.52 1 0
github.com/nomnom-lk/backend/internal/handlers/offer_handler.go:110.47,112.16 2 0
github.com/nomnom-lk/backend/internal/handlers/offer_handler.go:112.16,117.3 2 0
github.com/nomnom-lk/backend/internal/handlers/offer_handler.go:119.2,120.47 2 0
github.com/nomnom-lk/backend/internal/handlers/offer_handler.go:120.47,125.3 2 0
github.com/nomnom-lk/backend/internal/handlers/offer_handler.go:127.2,132.16 5 0
github.com/nomnom-lk/backend/internal/handlers/offer_handler.go:132.16,135.3 2 0
github.com/nomnom-lk/backend/internal/handlers/offer_handler.go:137.2,139.44 2 0
github.com/nomnom-lk/backend/internal/handlers/offer_handler.go:139.44,144.3 3 0
github.com/nomnom-lk/backend/internal/handlers/offer_handler.go:146.2,146.45 1 0
github.com/nomnom-lk/backend/internal/handlers/offer_handler.go:149.47,151.16 2 0
github.com/nomnom-lk/backend/internal/handlers/offer_handler.go:151.16,156.3 2 0
github.com/nomnom-lk/backend/internal/handlers/offer_handler.go:158.2,162.62 4 0
github.com/nomnom-lk/backend/internal/handlers/offer_handler.go:162.62,165.3 2 0
github.com/nomnom-lk/backend/internal/handlers/offer_handler.go:167.2,169.44 2 0
github.com/nomnom-lk/backend/internal/handlers/offer_handler.go:169.44,174.3 3 0
github.com/nomnom-lk/backend/internal/handlers/offer_handler.go:176.2,177.32 2 0
github.com/nomnom-lk/backend/internal/handlers/offer_handler.go:180.48,182.16 2 0
github.com/nomnom-lk/backend/internal/handlers/offer_handler.go:182.16,187.3 2 0
github.com/nomnom-lk/backend/internal/handlers/offer_handler.go:189.2,190.16 2 0
github.com/nomnom-lk/backend/internal/handlers/offer_handler.go:190.16,193.3 2 0
github.com/nomnom-lk/backend/internal/handlers/offer_handler.go:195.2,197.47 2 0
github.com/nomnom-lk/backend/internal/handlers/offer_handler.go:197.47,202.3 3 0
github.com/nomnom-lk/backend/internal/handlers/offer_handler.go:204.2,204.68 1 0
github.com/nomnom-lk/backend/internal/handlers/offer_handler.go:207.47,209.16 2 0
github.com/nomnom-lk/backend/internal/handlers/offer_handler.go:209.16,214.3 2 0
github.com/nomnom-lk/backend/internal/handlers/offer_handler.go:216.2,217.16 2 0
github.com/nomnom-lk/backend/internal/handlers/offer_handler.go:217.16,220.3 2 0
github.com/nomnom-lk/backend/internal/handlers/offer_handler.go:222.2,224.47 2 0
github.com/nomnom-lk/backend/internal/handlers/offer_handler.go:224.47,229.3 3 0
github.com/nomnom-lk/backend/internal/handlers/offer_handler.go:231.2,231.68 1 0
github.com/nomnom-lk/backend/internal/handlers/offer_handler.go:234.47,236.16 2 0
github.com/nomnom-lk/backend/internal/handlers/offer_handler.go:236.16,241.3 2 0
github.com/nomnom-lk/backend/internal/handlers/offer_handler.go:243.2,244.16 2 0
github.com/nomnom-lk/backend/internal/handlers/offer_handler.go:244.16,247.3 2 0
github.com/nomnom-lk/backend/internal/handlers/offer_handler.go:249.2,251.47 2 0
github.com/nomnom-lk/backend/internal/handlers/offer_handler.go:251.47,256.3 3 0
github.com/nomnom-lk/backend/internal/handlers/offer_handler.go:258.2,258.62 1 0
github.com/nomnom-lk/backend/internal/handlers/offer_handler.go:261.74,293.27 3 0
github.com/nomnom-lk/backend/internal/handlers/offer_handler.go:293.27,299.3 2 0
github.com/nomnom-lk/backend/internal/handlers/offer_handler.go:301.2,301.10 1 0
github.com/nomnom-lk/backend/internal/handlers/offer_handler.go:304.80,315.2 8 0
github.com/nomnom-lk/backend/internal/handlers/restaurant_handler.go:24.153,30.2 1 0
github.com/nomnom-lk/backend/internal/handlers/restaurant_handler.go:32.50,38.16 5 0
github.com/nomnom-lk/backend/internal/handlers/restaurant_handler.go:38.16,41.3 2 0
github.com/nomnom-lk/backend/internal/handlers/restaurant_handler.go:43.2,44.32 2 0
github.com/nomnom-lk/backend/internal/handlers/restaurant_handler.go:44.32,46.3 1 0
github.com/nomnom-lk/backend/internal/handlers/restaurant_handler.go:48.2,48.68 1 0
github.com/nomnom-lk/backend/internal/handlers/restaurant_handler.go:51.49,53.16 2 0
github.com/nomnom-lk/backend/internal/handlers/restaurant_handler.go:53.16,58.3 2 0
github.com/nomnom-lk/backend/internal/handlers/restaurant_handler.go:60.2,61.16 2 0
github.com/nomnom-lk/backend/internal/handlers/restaurant_handler.go:61.16,64.3 2 0
github.com/nomnom-lk/backend/internal/handlers/restaurant_handler.go:66.2,66.61 1 0
github.com/nomnom-lk/backend/internal/handlers/restaurant_handler.go:69.52,71.47 2 0
github.com/nomnom-lk/backend/internal/handlers/restaurant_handler.go:71.47,76.3 2 0
github.com/nomnom-lk/backend/internal/handlers/restaurant_handler.go:78.2,83.16 5 0
github.com/nomnom-lk/backend/internal/handlers/restaurant_handler.go:83.16,86.3 2 0
github.com/nomnom-lk/backend/internal/handlers/restaurant_handler.go:88.2,90.44 2 0
github.com/nomnom-lk/backend/internal/handlers/restaurant_handler.go:90.44,95.3 3 0
github.com/nomnom-lk/backend/internal/handlers/restaurant_handler.go:97.2,97.62 1 0
github.com/nomnom-lk/backend/internal/handlers/restaurant_handler.go:100.52,102.16 2 0
github.com/nomnom-lk/backend/internal/handlers/restaurant_handler.go:102.16,107.3 2 0
github.com/nomnom-lk/backend/internal/handlers/restaurant_handler.go:109.2,110.47 2 0
github.com/nomnom-lk/backend/internal/handlers/restaurant_handler.go:110.47,115.3 2 0
github.com/nomnom-lk/backend/internal/handlers/restaurant_handler.go:117.2,122.16 5 0
github.com/nomnom-lk/backend/internal/handlers/restaurant_handler.go:122.16,125.3 2 0
github.com/nomnom-lk/backend/internal/handlers/restaurant_handler.go:127.2,129.44 2 0
github.com/nomnom-lk/backend/internal/handlers/restaurant_handler.go:129.44,134.3 3 0
github.com/nomnom-lk/backend/internal/handlers/restaurant_handler.go:136.2,136.55 1 0
github.com/nomnom-lk/backend/internal/handlers/restaurant_handler.go:139.52,141.16 2 0
github.com/nomnom-lk/backend/internal/handlers/restaurant_handler.go:141.16,146.3 2 0
github.com/nomnom-lk/backend/internal/handlers/restaurant_handler.go:148.2,152.62 4 0
github.com/nomnom-lk/backend/internal/handlers/restaurant_handler.go:152.62,155.3 2 0
github.com/nomnom-lk/backend/internal/handlers/restaurant_handler.go:157.2,157.44 1 0
github.com/nomnom-lk/backend/internal/handlers/restaurant_handler.go:157.44,162.3 3 0
github.com/nomnom-lk/backend/internal/handlers/restaurant_handler.go:164.2,165.32 2 0
github.com/nomnom-lk/backend/internal/handlers/restaurant_handler.go:168.53,170.16 2 0
github.com/nomnom-lk/backend/internal/handlers/restaurant_handler.go:170.16,175.3 2 0
github.com/nomnom-lk/backend/internal/handlers/restaurant_handler.go:177.2,178.16 2 0
github.com/nomnom-lk/backend/internal/handlers/restaurant_handler.go:178.16,181.3 2 0
github.com/nomnom-lk/backend/internal/handlers/restaurant_handler.go:183.2,185.47 2 0
github.com/nomnom-lk/backend/internal/handlers/restaurant_handler.go:185.47,190.3 3 0
github.com/nomnom-lk/backend/internal/handlers/restaurant_handler.go:192.2,192.55 1 0
github.com/nomnom-lk/backend/internal/handlers/restaurant_handler.go:195.52,197.16 2 0
github.com/nomnom-lk/backend/internal/handlers/restaurant_handler.go:197.16,202.3 2 0
github.com/nomnom-lk/backend/internal/handlers/restaurant_handler.go:204.2,205.16 2 0
github.com/nomnom-lk/backend/internal/handlers/restaurant_handler.go:205.16,208.3 2 0
github.com/nomnom-lk/backend/internal/handlers/restaurant_handler.go:210.2,212.47 2 0
github.com/nomnom-lk/backend/internal/handlers/restaurant_handler.go:212.47,217.3 3 0
github.com/nomnom-lk/backend/internal/handlers/restaurant_handler.go:219.2,219.55 1 0
github.com/nomnom-lk/backend/internal/handlers/restaurant_handler.go:222.89,242.27 3 0
github.com/nomnom-lk/backend/internal/handlers/restaurant_handler.go:242.27,248.3 2 0
github.com/nomnom-lk/backend/internal/handlers/restaurant_handler.go:250.2,250.10 1 0
github.com/nomnom-lk/backend/internal/handlers/restaurant_handler.go:253.95,275.27 3 0
github.com/nomnom-lk/backend/internal/handlers/restaurant_handler.go:275.27,277.3 1 0
github.com/nomnom-lk/backend/internal/handlers/restaurant_handler.go:279.2,279.10 1 0
github.com/nomnom-lk/backend/internal/handlers/search_handler.go:17.71,19.2 1 0
github.com/nomnom-lk/backend/internal/handlers/search_handler.go:21.48,23.48 2 0
github.com/nomnom-lk/backend/internal/handlers/search_handler.go:23.48,28.3 2 0
github.com/nomnom-lk/backend/internal/handlers/search_handler.go:30.2,41.18 2 0
github.com/nomnom-lk/backend/internal/handlers/search_handler.go:41.18,43.3 1 0
github.com/nomnom-lk/backend/internal/handlers/search_handler.go:44.2,44.42 1 0
github.com/nomnom-lk/backend/internal/handlers/search_handler.go:44.42,46.3 1 0
github.com/nomnom-lk/backend/internal/handlers/search_handler.go:47.2,49.34 2 0
github.com/nomnom-lk/backend/internal/handlers/search_handler.go:49.34,52.3 2 0
github.com/nomnom-lk/backend/internal/handlers/search_handler.go:54.2,54.31 1 0
github.com/nomnom-lk/backend/internal/handlers/search_handler.go:54.31,56.17 2 0
github.com/nomnom-lk/backend/internal/handlers/search_handler.go:56.17,59.4 2 0
github.com/nomnom-lk/backend/internal/handlers/search_handler.go:61.3,62.33 2 0
github.com/nomnom-lk/backend/internal/handlers/search_handler.go:62.33,75.4 1 0
github.com/nomnom-lk/backend/internal/handlers/search_handler.go:77.3,78.9 2 0
github.com/nomnom-lk/backend/internal/handlers/search_handler.go:81.2,82.16 2 0
github.com/nomnom-lk/backend/internal/handlers/search_handler.go:82.16,85.3 2 0
github.com/nomnom-lk/backend/internal/handlers/search_handler.go:87.2,88.27 2 0
github.com/nomnom-lk/backend/internal/handlers/search_handler.go:88.27,106.112 2 0
github.com/nomnom-lk/backend/internal/handlers/search_handler.go:106.112,111.4 1 0
github.com/nomnom-lk/backend/internal/handlers/search_handler.go:113.3,113.17 1 0
github.com/nomnom-lk/backend/internal/handlers/search_handler.go:116.2,116.93 1 0
github.com/nomnom-lk/backend/internal/handlers/search_handler.go:119.64,128.2 6 0
github.com/nomnom-lk/backend/internal/handlers/template_handler.go:15.85,17.2 1 0
github.com/nomnom-lk/backend/internal/handlers/template_handler.go:25.48,27.16 2 0
github.com/nomnom-lk/backend/internal/handlers/template_handler.go:27.16,30.3 2 0
github.com/nomnom-lk/backend/internal/handlers/template_handler.go:31.2,31.22 1 0
github.com/nomnom-lk/backend/internal/handlers/template_handler.go:31.22,33.3 1 0
github.com/nomnom-lk/backend/internal/handlers/template_handler.go:34.2,34.32 1 0
github.com/nomnom-lk/backend/internal/handlers/template_handler.go:37.50,39.47 2 0
github.com/nomnom-lk/backend/internal/handlers/template_handler.go:39.47,44.3 2 0
github.com/nomnom-lk/backend/internal/handlers/template_handler.go:46.2,51.48 2 0
github.com/nomnom-lk/backend/internal/handlers/template_handler.go:51.48,54.3 2 0
github.com/nomnom-lk/backend/internal/handlers/template_handler.go:55.2,55.38 1 0
github.com/nomnom-lk/backend/internal/handlers/template_handler.go:58.50,60.16 2 0
github.com/nomnom-lk/backend/internal/handlers/template_handler.go:60.16,65.3 2 0
github.com/nomnom-lk/backend/internal/handlers/template_handler.go:67.2,68.47 2 0
github.com/nomnom-lk/backend/internal/handlers/template_handler.go:68.47,73.3 2 0
github.com/nomnom-lk/backend/internal/handlers/template_handler.go:75.2,76.16 2 0
github.com/nomnom-lk/backend/internal/handlers/template_handler.go:76.16,79.3 2 0
github.com/nomnom-lk/backend/internal/handlers/template_handler.go:81.2,84.48 4 0
github.com/nomnom-lk/backend/internal/handlers/template_handler.go:84.48,87.3 2 0
github.com/nomnom-lk/backend/internal/handlers/template_handler.go:88.2,88.31 1 0
github.com/nomnom-lk/backend/internal/handlers/template_handler.go:91.50,93.16 2 0
github.com/nomnom-lk/backend/internal/handlers/template_handler.go:93.16,98.3 2 0
github.com/nomnom-lk/backend/internal/handlers/template_handler.go:99.2,99.42 1 0
github.com/nomnom-lk/backend/internal/handlers/template_handler.go:99.42,102.3 2 0
github.com/nomnom-lk/backend/internal/handlers/template_handler.go:103.2,103.30 1 0
github.com/nomnom-lk/backend/internal/handlers/upload_handler.go:18.71,20.2 1 0
github.com/nomnom-lk/backend/internal/handlers/upload_handler.go:22.51,24.15 2 0
github.com/nomnom-lk/backend/internal/handlers/upload_handler.go:24.15,27.3 2 0
github.com/nomnom-lk/backend/internal/handlers/upload_handler.go:29.2,30.16 2 0
github.com/nomnom-lk/backend/internal/handlers/upload_handler.go:30.16,33.3 2 0
github.com/nomnom-lk/backend/internal/handlers/upload_handler.go:34.2,38.27 5 0
github.com/nomnom-lk/backend/internal/handlers/upload_handler.go:41.48,43.16 2 0
github.com/nomnom-lk/backend/internal/handlers/upload_handler.go:43.16,48.3 2 0
github.com/nomnom-lk/backend/internal/handlers/upload_handler.go:50.2,50.40 1 0
github.com/nomnom-lk/backend/internal/handlers/upload_handler.go:50.40,55.3 2 0
github.com/nomnom-lk/backend/internal/handlers/upload_handler.go:57.2,59.19 3 0
github.com/nomnom-lk/backend/internal/handlers/upload_handler.go:59.19,64.3 2 0
github.com/nomnom-lk/backend/internal/handlers/upload_handler.go:66.2,68.16 3 0
github.com/nomnom-lk/backend/internal/handlers/upload_handler.go:68.16,71.3 2 0
github.com/nomnom-lk/backend/internal/handlers/upload_handler.go:73.2,75.4 1 0
github.com/nomnom-lk/backend/internal/handlers/upload_handler.go:78.56,80.16 2 0
github.com/nomnom-lk/backend/internal/handlers/upload_handler.go:80.16,85.3 2 0
github.com/nomnom-lk/backend/internal/handlers/upload_handler.go:87.2,88.21 2 0
github.com/nomnom-lk/backend/internal/handlers/upload_handler.go:88.21,93.3 2 0
github.com/nomnom-lk/backend/internal/handlers/upload_handler.go:95.2,98.29 3 0
github.com/nomnom-lk/backend/internal/handlers/upload_handler.go:98.29,99.26 1 0
github.com/nomnom-lk/backend/internal/handlers/upload_handler.go:99.26,104.4 2 0
github.com/nomnom-lk/backend/internal/handlers/upload_handler.go:106.3,107.20 2 0
github.com/nomnom-lk/backend/internal/handlers/upload_handler.go:107.20,112.4 2 0
github.com/nomnom-lk/backend/internal/handlers/upload_handler.go:115.2,117.16 3 0
github.com/nomnom-lk/backend/internal/handlers/upload_handler.go:117.16,120.3 2 0
github.com/nomnom-lk/backend/internal/handlers/upload_handler.go:122.2,124.4 1 0
github.com/nomnom-lk/backend/internal/handlers/user_handler.go:24.98,29.2 1 0
github.com/nomnom-lk/backend/internal/handlers/user_handler.go:31.42,33.13 2 0
github.com/nomnom-lk/backend/internal/handlers/user_handler.go:33.13,36.3 2 0
github.com/nomnom-lk/backend/internal/handlers/user_handler.go:38.2,39.16 2 0
github.com/nomnom-lk/backend/internal/handlers/user_handler.go:39.16,42.3 2 0
github.com/nomnom-lk/backend/internal/handlers/user_handler.go:44.2,53.4 1 0
github.com/nomnom-lk/backend/internal/handlers/user_handler.go:56.44,63.16 6 0
github.com/nomnom-lk/backend/internal/handlers/user_handler.go:63.16,66.3 2 0
github.com/nomnom-lk/backend/internal/handlers/user_handler.go:68.2,69.26 2 0
github.com/nomnom-lk/backend/internal/handlers/user_handler.go:69.26,78.3 1 0
github.com/nomnom-lk/backend/internal/handlers/user_handler.go:80.2,80.68 1 0
github.com/nomnom-lk/backend/internal/handlers/user_handler.go:83.46,90.47 2 0
github.com/nomnom-lk/backend/internal/handlers/user_handler.go:90.47,95.3 2 0
github.com/nomnom-lk/backend/internal/handlers/user_handler.go:97.2,98.59 2 0
github.com/nomnom-lk/backend/internal/handlers/user_handler.go:98.59,100.3 1 0
github.com/nomnom-lk/backend/internal/handlers/user_handler.go:102.2,103.16 2 0
github.com/nomnom-lk/backend/internal/handlers/user_handler.go:103.16,106.3 2 0
github.com/nomnom-lk/backend/internal/handlers/user_handler.go:108.2,118.44 3 0
github.com/nomnom-lk/backend/internal/handlers/user_handler.go:118.44,121.3 2 0
github.com/nomnom-lk/backend/internal/handlers/user_handler.go:123.2,123.44 1 0
github.com/nomnom-lk/backend/internal/handlers/user_handler.go:123.44,128.3 3 0
github.com/nomnom-lk/backend/internal/handlers/user_handler.go:130.2,137.4 1 0
github.com/nomnom-lk/backend/internal/handlers/user_handler.go:140.46,146.47 2 0
github.com/nomnom-lk/backend/internal/handlers/user_handler.go:146.47,149.3 2 0
github.com/nomnom-lk/backend/internal/handlers/user_handler.go:151.2,152.16 2 0
github.com/nomnom-lk/backend/internal/handlers/user_handler.go:152.16,155.3 2 0
github.com/nomnom-lk/backend/internal/handlers/user_handler.go:157.2,158.16 2 0
github.com/nomnom-lk/backend/internal/handlers/user_handler.go:158.16,161.3 2 0
github.com/nomnom-lk/backend/internal/handlers/user_handler.go:163.2,163.21 1 0
github.com/nomnom-lk/backend/internal/handlers/user_handler.go:163.21,165.3 1 0
github.com/nomnom-lk/backend/internal/handlers/user_handler.go:166.2,166.21 1 0
github.com/nomnom-lk/backend/internal/handlers/user_handler.go:166.21,168.3 1 0
github.com/nomnom-lk/backend/internal/handlers/user_handler.go:169.2,169.25 1 0
github.com/nomnom-lk/backend/internal/handlers/user_handler.go:169.25,171.3 1 0
github.com/nomnom-lk/backend/internal/handlers/user_handler.go:173.2,173.44 1 0
github.com/nomnom-lk/backend/internal/handlers/user_handler.go:173.44,176.3 2 0
github.com/nomnom-lk/backend/internal/handlers/user_handler.go:178.2,178.47 1 0
github.com/nomnom-lk/backend/internal/handlers/user_handler.go:178.47,182.22 4 0
github.com/nomnom-lk/backend/internal/handlers/user_handler.go:182.22,184.4 1 0
github.com/nomnom-lk/backend/internal/handlers/user_handler.go:185.3,185.26 1 0
github.com/nomnom-lk/backend/internal/handlers/user_handler.go:185.26,186.21 1 0
github.com/nomnom-lk/backend/internal/handlers/user_handler.go:186.21,188.5 1 0
github.com/nomnom-lk/backend/internal/handlers/user_handler.go:189.4,189.21 1 0
github.com/nomnom-lk/backend/internal/handlers/user_handler.go:189.21,191.5 1 0
github.com/nomnom-lk/backend/internal/handlers/user_handler.go:191.10,193.5 1 0
github.com/nomnom-lk/backend/internal/handlers/user_handler.go:195.3,195.20 1 0
github.com/nomnom-lk/backend/internal/handlers/user_handler.go:195.20,198.4 1 0
github.com/nomnom-lk/backend/internal/handlers/user_handler.go:201.2,206.4 1 0
github.com/nomnom-lk/backend/internal/handlers/user_handler.go:209.53,215.47 2 0
github.com/nomnom-lk/backend/internal/handlers/user_handler.go:215.47,218.3 2 0
github.com/nomnom-lk/backend/internal/handlers/user_handler.go:220.2,221.13 2 0
github.com/nomnom-lk/backend/internal/handlers/user_handler.go:221.13,224.3 2 0
github.com/nomnom-lk/backend/internal/handlers/user_handler.go:226.2,227.16 2 0
github.com/nomnom-lk/backend/internal/handlers/user_handler.go:227.16,230.3 2 0
github.com/nomnom-lk/backend/internal/handlers/user_handler.go:232.2,232.21 1 0
github.com/nomnom-lk/backend/internal/handlers/user_handler.go:232.21,234.3 1 0
github.com/nomnom-lk/backend/internal/handlers/user_handler.go:235.2,235.22 1 0
github.com/nomnom-lk/backend/internal/handlers/user_handler.go:235.22,237.3 1 0
github.com/nomnom-lk/backend/internal/handlers/user_handler.go:238.2,238.26 1 0
github.com/nomnom-lk/backend/internal/handlers/user_handler.go:238.26,240.3 1 0
github.com/nomnom-lk/backend/internal/handlers/user_handler.go:242.2,242.44 1 0
github.com/nomnom-lk/backend/internal/handlers/user_handler.go:242.44,245.3 2 0
github.com/nomnom-lk/backend/internal/handlers/user_handler.go:247.2,247.47 1 0
github.com/nomnom-lk/backend/internal/handlers/user_handler.go:247.47,252.3 3 0
github.com/nomnom-lk/backend/internal/handlers/user_handler.go:254.2,262.4 1 0
github.com/nomnom-lk/backend/internal/handlers/user_handler.go:265.54,270.47 2 0
github.com/nomnom-lk/backend/internal/handlers/user_handler.go:270.47,275.3 2 0
github.com/nomnom-lk/backend/internal/handlers/user_handler.go:277.2,278.13 2 0
github.com/nomnom-lk/backend/internal/handlers/user_handler.go:278.13,281.3 2 0
github.com/nomnom-lk/backend/internal/handlers/user_handler.go:283.2,284.16 2 0
github.com/nomnom-lk/backend/internal/handlers/user_handler.go:284.16,287.3 2 0
github.com/nomnom-lk/backend/internal/handlers/user_handler.go:289.2,289.65 1 0
github.com/nomnom-lk/backend/internal/handlers/user_handler.go:289.65,292.3 2 0
github.com/nomnom-lk/backend/internal/handlers/user_handler.go:294.2,295.16 2 0
github.com/nomnom-lk/backend/internal/handlers/user_handler.go:295.16,298.3 2 0
github.com/nomnom-lk/backend/internal/handlers/user_handler.go:300.2,301.44 2 0
github.com/nomnom-lk/backend/internal/handlers/user_handler.go:301.44,304.3 2 0
github.com/nomnom-lk/backend/internal/handlers/user_handler.go:306.2,306.47 1 0
github.com/nomnom-lk/backend/internal/handlers/user_handler.go:306.47,311.3 3 0
github.com/nomnom-lk/backend/internal/handlers/user_handler.go:313.2,313.72 1 0
github.com/nomnom-lk/backend/internal/handlers/user_handler.go:316.46,318.16 2 0
github.com/nomnom-lk/backend/internal/handlers/user_handler.go:318.16,321.3 2 0
github.com/nomnom-lk/backend/internal/handlers/user_handler.go:323.2,324.16 2 0
github.com/nomnom-lk/backend/internal/handlers/user_handler.go:324.16,327.3 2 0
github.com/nomnom-lk/backend/internal/handlers/user_handler.go:329.2,329.50 1 0
github.com/nomnom-lk/backend/internal/handlers/user_handler.go:329.50,332.3 2 0
github.com/nomnom-lk/backend/internal/handlers/user_handler.go:334.2,334.48 1 0
github.com/nomnom-lk/backend/internal/handlers/user_handler.go:334.48,339.3 3 0
github.com/nomnom-lk/backend/internal/handlers/user_handler.go:341.2,341.30 1 0
github.com/nomnom-lk/backend/internal/testutil/testutil.go:39.13,41.2 1 0
github.com/nomnom-lk/backend/internal/testutil/testutil.go:43.43,44.14 1 0
github.com/nomnom-lk/backend/internal/testutil/testutil.go:44.14,46.3 1 0
github.com/nomnom-lk/backend/internal/testutil/testutil.go:48.2,111.31 14 0
github.com/nomnom-lk/backend/internal/testutil/testutil.go:114.34,116.2 1 0
github.com/nomnom-lk/backend/internal/testutil/testutil.go:118.34,127.2 4 0
github.com/nomnom-lk/backend/internal/testutil/testutil.go:129.33,138.2 4 0
github.com/nomnom-lk/backend/internal/testutil/testutil.go:140.38,149.2 4 0
github.com/nomnom-lk/backend/internal/testutil/testutil.go:151.27,153.2 1 0
github.com/nomnom-lk/backend/internal/testutil/testutil.go:155.38,163.32 3 0
github.com/nomnom-lk/backend/internal/testutil/testutil.go:163.32,165.3 1 0
github.com/nomnom-lk/backend/internal/testutil/testutil.go:167.2,173.27 3 0
github.com/nomnom-lk/backend/internal/testutil/testutil.go:173.27,175.3 1 0
github.com/nomnom-lk/backend/internal/testutil/testutil.go:177.2,177.12 1 0
github.com/nomnom-lk/backend/internal/testutil/testutil.go:180.44,183.2 2 0
github.com/nomnom-lk/backend/internal/testutil/testutil.go:185.119,189.17 4 0
github.com/nomnom-lk/backend/internal/testutil/testutil.go:189.17,191.3 1 0
github.com/nomnom-lk/backend/internal/testutil/testutil.go:192.2,193.10 2 0
github.com/nomnom-lk/backend/internal/testutil/testutil.go:196.71,198.2 1 0
github.com/nomnom-lk/backend/internal/testutil/testutil.go:200.27,203.2 2 0
github.com/nomnom-lk/backend/internal/testutil/testutil.go:205.43,206.34 1 0
github.com/nomnom-lk/backend/internal/testutil/testutil.go:206.34,208.3 1 0
github.com/nomnom-lk/backend/internal/testutil/testutil.go:209.2,209.12 1 0
github.com/nomnom-lk/backend/internal/models/audit_log.go:22.52,23.22 1 0
github.com/nomnom-lk/backend/internal/models/audit_log.go:23.22,25.3 1 0
github.com/nomnom-lk/backend/internal/models/audit_log.go:26.2,26.12 1 0
github.com/nomnom-lk/backend/internal/models/banner.go:36.50,37.22 1 0
github.com/nomnom-lk/backend/internal/models/banner.go:37.22,39.3 1 0
github.com/nomnom-lk/backend/internal/models/banner.go:40.2,40.20 1 0
github.com/nomnom-lk/backend/internal/models/banner.go:40.20,42.3 1 0
github.com/nomnom-lk/backend/internal/models/banner.go:43.2,43.12 1 0
github.com/nomnom-lk/backend/internal/models/category.go:17.52,18.22 1 0
github.com/nomnom-lk/backend/internal/models/category.go:18.22,20.3 1 0
github.com/nomnom-lk/backend/internal/models/category.go:21.2,21.12 1 0
github.com/nomnom-lk/backend/internal/models/coupon.go:25.50,26.22 1 0
github.com/nomnom-lk/backend/internal/models/coupon.go:26.22,28.3 1 0
github.com/nomnom-lk/backend/internal/models/coupon.go:29.2,29.12 1 0
github.com/nomnom-lk/backend/internal/models/device_token.go:19.55,20.22 1 0
github.com/nomnom-lk/backend/internal/models/device_token.go:20.22,22.3 1 0
github.com/nomnom-lk/backend/internal/models/device_token.go:23.2,23.12 1 0
github.com/nomnom-lk/backend/internal/models/notification.go:24.56,25.22 1 0
github.com/nomnom-lk/backend/internal/models/notification.go:25.22,27.3 1 0
github.com/nomnom-lk/backend/internal/models/notification.go:28.2,28.12 1 0
github.com/nomnom-lk/backend/internal/models/notification_template.go:19.64,20.22 1 0
github.com/nomnom-lk/backend/internal/models/notification_template.go:20.22,22.3 1 0
github.com/nomnom-lk/backend/internal/models/notification_template.go:23.2,23.12 1 0
github.com/nomnom-lk/backend/internal/models/offer.go:44.49,45.22 1 0
github.com/nomnom-lk/backend/internal/models/offer.go:45.22,47.3 1 0
github.com/nomnom-lk/backend/internal/models/offer.go:48.2,48.24 1 0
github.com/nomnom-lk/backend/internal/models/offer.go:48.24,51.3 2 0
github.com/nomnom-lk/backend/internal/models/offer.go:52.2,52.12 1 0
github.com/nomnom-lk/backend/internal/models/offer.go:55.34,56.19 1 0
github.com/nomnom-lk/backend/internal/models/offer.go:56.19,58.3 1 0
github.com/nomnom-lk/backend/internal/models/offer.go:59.2,59.32 1 0
github.com/nomnom-lk/backend/internal/models/offer.go:59.32,61.3 1 0
github.com/nomnom-lk/backend/internal/models/offer.go:62.2,62.26 1 0
github.com/nomnom-lk/backend/internal/models/offer.go:62.26,64.3 1 0
github.com/nomnom-lk/backend/internal/models/offer.go:65.2,65.23 1 0
github.com/nomnom-lk/backend/internal/models/offer.go:65.23,67.3 1 0
github.com/nomnom-lk/backend/internal/models/offer.go:68.2,68.37 1 0
github.com/nomnom-lk/backend/internal/models/offer.go:68.37,70.3 1 0
github.com/nomnom-lk/backend/internal/models/offer.go:71.2,71.34 1 0
github.com/nomnom-lk/backend/internal/models/offer.go:71.34,73.3 1 0
github.com/nomnom-lk/backend/internal/models/offer.go:74.2,74.12 1 0
github.com/nomnom-lk/backend/internal/models/refresh_token.go:19.57,20.23 1 0
github.com/nomnom-lk/backend/internal/models/refresh_token.go:20.23,22.3 1 0
github.com/nomnom-lk/backend/internal/models/refresh_token.go:23.2,23.12 1 0
github.com/nomnom-lk/backend/internal/models/refresh_token.go:26.42,28.2 1 0
github.com/nomnom-lk/backend/internal/models/restaurant.go:49.54,50.22 1 0
github.com/nomnom-lk/backend/internal/models/restaurant.go:50.22,52.3 1 0
github.com/nomnom-lk/backend/internal/models/restaurant.go:53.2,53.18 1 0
github.com/nomnom-lk/backend/internal/models/restaurant.go:53.18,55.3 1 0
github.com/nomnom-lk/backend/internal/models/restaurant.go:56.2,56.12 1 0
github.com/nomnom-lk/backend/internal/models/restaurant.go:59.39,60.18 1 0
github.com/nomnom-lk/backend/internal/models/restaurant.go:60.18,62.3 1 0
github.com/nomnom-lk/backend/internal/models/restaurant.go:63.2,63.21 1 0
github.com/nomnom-lk/backend/internal/models/restaurant.go:63.21,65.3 1 0
github.com/nomnom-lk/backend/internal/models/restaurant.go:66.2,66.12 1 0
github.com/nomnom-lk/backend/internal/models/restaurant.go:69.37,71.25 2 0
github.com/nomnom-lk/backend/internal/models/restaurant.go:71.25,72.51 1 0
github.com/nomnom-lk/backend/internal/models/restaurant.go:72.51,74.4 1 0
github.com/nomnom-lk/backend/internal/models/restaurant.go:74.9,74.34 1 0
github.com/nomnom-lk/backend/internal/models/restaurant.go:74.34,76.4 1 0
github.com/nomnom-lk/backend/internal/models/restaurant.go:76.9,76.34 1 0
github.com/nomnom-lk/backend/internal/models/restaurant.go:76.34,78.4 1 0
github.com/nomnom-lk/backend/internal/models/restaurant.go:80.2,80.23 1 0
github.com/nomnom-lk/backend/internal/models/scheduled_notification.go:24.65,25.22 1 0
github.com/nomnom-lk/backend/internal/models/scheduled_notification.go:25.22,27.3 1 0
github.com/nomnom-lk/backend/internal/models/scheduled_notification.go:28.2,28.12 1 0
github.com/nomnom-lk/backend/internal/models/types.go:11.55,12.16 1 0
github.com/nomnom-lk/backend/internal/models/types.go:12.16,15.3 2 0
github.com/nomnom-lk/backend/internal/models/types.go:16.2,17.25 2 0
github.com/nomnom-lk/backend/internal/models/types.go:18.14,19.13 1 0
github.com/nomnom-lk/backend/internal/models/types.go:20.14,21.21 1 0
github.com/nomnom-lk/backend/internal/models/types.go:22.10,23.74 1 0
github.com/nomnom-lk/backend/internal/models/types.go:25.2,25.42 1 0
github.com/nomnom-lk/backend/internal/models/types.go:28.56,29.14 1 0
github.com/nomnom-lk/backend/internal/models/types.go:29.14,31.3 1 0
github.com/nomnom-lk/backend/internal/models/types.go:32.2,32.24 1 0
github.com/nomnom-lk/backend/internal/models/user.go:33.48,34.22 1 0
github.com/nomnom-lk/backend/internal/models/user.go:34.22,36.3 1 0
github.com/nomnom-lk/backend/internal/models/user.go:37.2,37.12 1 0
github.com/nomnom-lk/backend/internal/router/router.go:21.127,51.16 26 0
github.com/nomnom-lk/backend/internal/router/router.go:51.16,54.3 2 0
github.com/nomnom-lk/backend/internal/router/router.go:57.2,87.40 23 0
github.com/nomnom-lk/backend/internal/router/router.go:87.40,94.38 5 0
github.com/nomnom-lk/backend/internal/router/router.go:94.38,96.4 1 0
github.com/nomnom-lk/backend/internal/router/router.go:98.3,104.5 1 0
github.com/nomnom-lk/backend/internal/router/router.go:107.2,110.2 3 0
github.com/nomnom-lk/backend/internal/router/router.go:110.2,114.3 4 0
github.com/nomnom-lk/backend/internal/router/router.go:114.3,120.4 5 0
github.com/nomnom-lk/backend/internal/router/router.go:122.3,124.3 3 0
github.com/nomnom-lk/backend/internal/router/router.go:124.3,127.4 2 0
github.com/nomnom-lk/backend/internal/router/router.go:129.3,131.3 3 0
github.com/nomnom-lk/backend/internal/router/router.go:131.3,135.4 3 0
github.com/nomnom-lk/backend/internal/router/router.go:137.3,140.3 4 0
github.com/nomnom-lk/backend/internal/router/router.go:140.3,145.4 4 0
github.com/nomnom-lk/backend/internal/router/router.go:147.3,148.3 2 0
github.com/nomnom-lk/backend/internal/router/router.go:148.3,154.4 6 0
github.com/nomnom-lk/backend/internal/router/router.go:154.4,160.5 5 0
github.com/nomnom-lk/backend/internal/router/router.go:163.3,164.3 2 0
github.com/nomnom-lk/backend/internal/router/router.go:164.3,170.4 6 0
github.com/nomnom-lk/backend/internal/router/router.go:170.4,177.5 6 0
github.com/nomnom-lk/backend/internal/router/router.go:180.3,182.3 3 0
github.com/nomnom-lk/backend/internal/router/router.go:182.3,186.4 3 0
[...]
github.com/nomnom-lk/backend/internal/services/restaurant_service.go:212.14,214.3 1 1
github.com/nomnom-lk/backend/internal/services/restaurant_service.go:215.2,215.11 1 0
github.com/nomnom-lk/backend/internal/services/search_service.go:16.51,18.2 1 0
github.com/nomnom-lk/backend/internal/services/search_service.go:36.72,43.25 2 0
github.com/nomnom-lk/backend/internal/services/search_service.go:43.25,50.3 3 0
github.com/nomnom-lk/backend/internal/services/search_service.go:52.2,52.30 1 0
github.com/nomnom-lk/backend/internal/services/search_service.go:52.30,54.3 1 0
github.com/nomnom-lk/backend/internal/services/search_service.go:56.2,56.46 1 0
github.com/nomnom-lk/backend/internal/services/search_service.go:56.46,65.3 2 0
github.com/nomnom-lk/backend/internal/services/search_service.go:67.2,67.11 1 0
github.com/nomnom-lk/backend/internal/services/search_service.go:70.92,72.70 2 0
github.com/nomnom-lk/backend/internal/services/search_service.go:72.70,74.3 1 0
github.com/nomnom-lk/backend/internal/services/search_service.go:76.2,76.16 1 0
github.com/nomnom-lk/backend/internal/services/search_service.go:76.16,78.3 1 0
github.com/nomnom-lk/backend/internal/services/search_service.go:80.2,82.22 2 0
github.com/nomnom-lk/backend/internal/services/search_service.go:83.16,84.41 1 0
github.com/nomnom-lk/backend/internal/services/search_service.go:85.18,86.59 1 0
github.com/nomnom-lk/backend/internal/services/search_service.go:87.19,88.42 1 0
github.com/nomnom-lk/backend/internal/services/search_service.go:89.20,90.43 1 0
github.com/nomnom-lk/backend/internal/services/search_service.go:91.17,92.47 1 0
github.com/nomnom-lk/backend/internal/services/search_service.go:92.47,101.4 2 0
github.com/nomnom-lk/backend/internal/services/search_service.go:101.9,103.4 1 0
github.com/nomnom-lk/backend/internal/services/search_service.go:104.10,105.42 1 0
github.com/nomnom-lk/backend/internal/services/search_service.go:108.2,114.35 2 0
github.com/nomnom-lk/backend/internal/services/search_service.go:114.35,116.3 1 0
github.com/nomnom-lk/backend/internal/services/search_service.go:118.2,118.19 1 0
github.com/nomnom-lk/backend/internal/services/search_service.go:118.19,120.3 1 0
github.com/nomnom-lk/backend/internal/services/search_service.go:122.2,122.27 1 0
github.com/nomnom-lk/backend/internal/services/search_service.go:125.77,129.25 2 0
github.com/nomnom-lk/backend/internal/services/search_service.go:129.25,135.3 2 0
github.com/nomnom-lk/backend/internal/services/search_service.go:137.2,137.30 1 0
github.com/nomnom-lk/backend/internal/services/search_service.go:137.30,139.3 1 0
github.com/nomnom-lk/backend/internal/services/search_service.go:141.2,141.46 1 0
github.com/nomnom-lk/backend/internal/services/search_service.go:141.46,150.3 2 0
github.com/nomnom-lk/backend/internal/services/search_service.go:152.2,152.11 1 0
github.com/nomnom-lk/backend/internal/services/search_service.go:155.102,157.75 2 0
github.com/nomnom-lk/backend/internal/services/search_service.go:157.75,159.3 1 0
github.com/nomnom-lk/backend/internal/services/search_service.go:161.2,161.16 1 0
github.com/nomnom-lk/backend/internal/services/search_service.go:161.16,163.3 1 0
github.com/nomnom-lk/backend/internal/services/search_service.go:165.2,167.22 2 0
github.com/nomnom-lk/backend/internal/services/search_service.go:168.16,169.34 1 0
github.com/nomnom-lk/backend/internal/services/search_service.go:170.17,171.47 1 0
github.com/nomnom-lk/backend/internal/services/search_service.go:171.47,180.4 2 0
github.com/nomnom-lk/backend/internal/services/search_service.go:180.9,182.4 1 0
github.com/nomnom-lk/backend/internal/services/search_service.go:183.10,184.35 1 0
github.com/nomnom-lk/backend/internal/services/search_service.go:187.2,191.40 2 0
github.com/nomnom-lk/backend/internal/services/search_service.go:191.40,193.3 1 0
github.com/nomnom-lk/backend/internal/services/search_service.go:195.2,195.24 1 0
github.com/nomnom-lk/backend/internal/services/search_service.go:195.24,197.3 1 0
github.com/nomnom-lk/backend/internal/services/search_service.go:199.2,199.32 1 0
github.com/nomnom-lk/backend/internal/services/search_service.go:202.80,204.16 2 0
github.com/nomnom-lk/backend/internal/services/search_service.go:204.16,206.3 1 0
github.com/nomnom-lk/backend/internal/services/search_service.go:208.2,211.8 1 0
github.com/nomnom-lk/backend/internal/services/sse_service.go:27.34,31.2 1 1
github.com/nomnom-lk/backend/internal/services/sse_service.go:33.51,37.2 3 1
github.com/nomnom-lk/backend/internal/services/sse_service.go:39.46,43.2 3 1
github.com/nomnom-lk/backend/internal/services/sse_service.go:45.64,50.35 4 1
github.com/nomnom-lk/backend/internal/services/sse_service.go:50.35,51.10 1 1
github.com/nomnom-lk/backend/internal/services/sse_service.go:52.29,52.29 0 1
github.com/nomnom-lk/backend/internal/services/sse_service.go:53.11,53.11 0 1
github.com/nomnom-lk/backend/internal/services/sse_service.go:58.48,78.34 10 0
github.com/nomnom-lk/backend/internal/services/sse_service.go:78.34,79.10 1 0
github.com/nomnom-lk/backend/internal/services/sse_service.go:80.35,81.11 1 0
github.com/nomnom-lk/backend/internal/services/sse_service.go:81.11,83.5 1 0
github.com/nomnom-lk/backend/internal/services/sse_service.go:84.4,85.15 2 0
github.com/nomnom-lk/backend/internal/services/sse_service.go:86.37,87.16 1 0
github.com/nomnom-lk/backend/internal/services/sse_service.go:92.59,94.2 1 1
github.com/nomnom-lk/backend/internal/services/upload_service.go:29.50,30.16 1 0
github.com/nomnom-lk/backend/internal/services/upload_service.go:31.17,32.35 1 0
github.com/nomnom-lk/backend/internal/services/upload_service.go:33.17,34.35 1 0
github.com/nomnom-lk/backend/internal/services/upload_service.go:35.10,36.31 1 0
github.com/nomnom-lk/backend/internal/services/upload_service.go:46.69,48.24 2 0
github.com/nomnom-lk/backend/internal/services/upload_service.go:48.24,50.3 1 0
github.com/nomnom-lk/backend/internal/services/upload_service.go:51.2,57.16 2 0
github.com/nomnom-lk/backend/internal/services/upload_service.go:57.16,59.3 1 0
github.com/nomnom-lk/backend/internal/services/upload_service.go:61.2,63.16 3 0
github.com/nomnom-lk/backend/internal/services/upload_service.go:63.16,65.3 1 0
github.com/nomnom-lk/backend/internal/services/upload_service.go:67.2,67.13 1 0
github.com/nomnom-lk/backend/internal/services/upload_service.go:67.13,70.18 1 0
github.com/nomnom-lk/backend/internal/services/upload_service.go:70.18,72.4 1 0
github.com/nomnom-lk/backend/internal/services/upload_service.go:75.2,82.8 3 0
github.com/nomnom-lk/backend/internal/services/upload_service.go:85.97,87.16 2 0
github.com/nomnom-lk/backend/internal/services/upload_service.go:87.16,89.3 1 0
github.com/nomnom-lk/backend/internal/services/upload_service.go:90.2,93.16 3 0
github.com/nomnom-lk/backend/internal/services/upload_service.go:93.16,95.3 1 0
github.com/nomnom-lk/backend/internal/services/upload_service.go:97.2,99.49 3 0
github.com/nomnom-lk/backend/internal/services/upload_service.go:102.109,104.16 2 0
github.com/nomnom-lk/backend/internal/services/upload_service.go:104.16,106.3 1 0
github.com/nomnom-lk/backend/internal/services/upload_service.go:108.2,110.49 3 0
github.com/nomnom-lk/backend/internal/services/upload_service.go:113.106,119.19 4 0
github.com/nomnom-lk/backend/internal/services/upload_service.go:119.19,123.3 3 0
github.com/nomnom-lk/backend/internal/services/upload_service.go:123.8,125.17 2 0
github.com/nomnom-lk/backend/internal/services/upload_service.go:125.17,127.4 1 0
github.com/nomnom-lk/backend/internal/services/upload_service.go:128.3,130.93 3 0
github.com/nomnom-lk/backend/internal/services/upload_service.go:130.93,132.4 1 0
github.com/nomnom-lk/backend/internal/services/upload_service.go:133.3,134.29 2 0
github.com/nomnom-lk/backend/internal/services/upload_service.go:137.2,141.16 3 0
github.com/nomnom-lk/backend/internal/services/upload_service.go:141.16,143.3 1 0
github.com/nomnom-lk/backend/internal/services/upload_service.go:145.2,146.17 2 0
github.com/nomnom-lk/backend/internal/services/upload_service.go:149.104,151.29 2 0
github.com/nomnom-lk/backend/internal/services/upload_service.go:151.29,153.17 2 0
github.com/nomnom-lk/backend/internal/services/upload_service.go:153.17,155.4 1 0
github.com/nomnom-lk/backend/internal/services/upload_service.go:156.3,156.27 1 0
github.com/nomnom-lk/backend/internal/services/upload_service.go:158.2,158.18 1 0
github.com/nomnom-lk/backend/internal/services/upload_service.go:161.50,164.2 2 0
github.com/nomnom-lk/backend/internal/services/upload_service.go:166.88,169.16 3 0
github.com/nomnom-lk/backend/internal/services/upload_service.go:169.16,171.3 1 0
github.com/nomnom-lk/backend/internal/services/upload_service.go:172.2,172.26 1 0
github.com/nomnom-lk/backend/internal/services/upload_service.go:175.76,178.16 3 0
github.com/nomnom-lk/backend/internal/services/upload_service.go:178.16,180.3 1 0
github.com/nomnom-lk/backend/internal/services/upload_service.go:182.2,183.16 2 0
github.com/nomnom-lk/backend/internal/services/upload_service.go:183.16,186.3 2 0
github.com/nomnom-lk/backend/internal/services/upload_service.go:188.2,188.38 1 0
github.com/nomnom-lk/backend/internal/services/upload_service.go:191.70,200.27 5 0
github.com/nomnom-lk/backend/internal/services/upload_service.go:200.27,201.21 1 0
github.com/nomnom-lk/backend/internal/services/upload_service.go:201.21,203.4 1 0
github.com/nomnom-lk/backend/internal/services/upload_service.go:204.3,204.79 1 0
github.com/nomnom-lk/backend/internal/services/upload_service.go:207.2,207.18 1 0
github.com/nomnom-lk/backend/internal/services/upload_service.go:210.42,219.2 1 0
github.com/nomnom-lk/backend/internal/services/upload_service.go:221.26,223.2 1 0
github.com/nomnom-lk/backend/internal/middleware/active.go:10.67,11.30 1 0
github.com/nomnom-lk/backend/internal/middleware/active.go:11.30,13.14 2 0
github.com/nomnom-lk/backend/internal/middleware/active.go:13.14,16.4 2 0
github.com/nomnom-lk/backend/internal/middleware/active.go:18.3,19.17 2 0
github.com/nomnom-lk/backend/internal/middleware/active.go:19.17,27.4 2 0
github.com/nomnom-lk/backend/internal/middleware/active.go:29.3,29.21 1 0
github.com/nomnom-lk/backend/internal/middleware/active.go:29.21,37.4 2 0
github.com/nomnom-lk/backend/internal/middleware/active.go:39.3,39.11 1 0
github.com/nomnom-lk/backend/internal/middleware/audit.go:12.70,13.30 1 0
github.com/nomnom-lk/backend/internal/middleware/audit.go:13.30,14.32 1 0
github.com/nomnom-lk/backend/internal/middleware/audit.go:14.32,17.4 2 0
github.com/nomnom-lk/backend/internal/middleware/audit.go:19.3,22.25 3 0
github.com/nomnom-lk/backend/internal/middleware/audit.go:22.25,24.4 1 0
github.com/nomnom-lk/backend/internal/middleware/audit.go:26.3,27.21 2 0
github.com/nomnom-lk/backend/internal/middleware/audit.go:27.21,29.4 1 0
github.com/nomnom-lk/backend/internal/middleware/audit.go:31.3,39.66 7 0
github.com/nomnom-lk/backend/internal/middleware/audit.go:43.39,49.21 6 0
github.com/nomnom-lk/backend/internal/middleware/audit.go:49.21,51.3 1 0
github.com/nomnom-lk/backend/internal/middleware/audit.go:52.2,52.33 1 0
github.com/nomnom-lk/backend/internal/middleware/audit.go:55.43,61.21 6 0
github.com/nomnom-lk/backend/internal/middleware/audit.go:61.21,63.3 1 0
github.com/nomnom-lk/backend/internal/middleware/audit.go:64.2,65.14 2 0
github.com/nomnom-lk/backend/internal/middleware/audit.go:66.21,67.22 1 0
github.com/nomnom-lk/backend/internal/middleware/audit.go:68.16,69.17 1 0
github.com/nomnom-lk/backend/internal/middleware/audit.go:70.15,71.16 1 0
github.com/nomnom-lk/backend/internal/middleware/audit.go:72.23,73.24 1 0
github.com/nomnom-lk/backend/internal/middleware/audit.go:74.17,75.18 1 0
github.com/nomnom-lk/backend/internal/middleware/audit.go:76.20,77.20 1 0
github.com/nomnom-lk/backend/internal/middleware/audit.go:78.32,79.20 1 0
github.com/nomnom-lk/backend/internal/middleware/audit.go:80.32,81.24 1 0
github.com/nomnom-lk/backend/internal/middleware/audit.go:82.21,83.16 1 0
github.com/nomnom-lk/backend/internal/middleware/audit.go:84.10,85.14 1 0
github.com/nomnom-lk/backend/internal/middleware/auth.go:22.45,23.30 1 0
github.com/nomnom-lk/backend/internal/middleware/auth.go:23.30,25.23 2 0
github.com/nomnom-lk/backend/internal/middleware/auth.go:25.23,33.4 2 0
github.com/nomnom-lk/backend/internal/middleware/auth.go:35.3,36.46 2 0
github.com/nomnom-lk/backend/internal/middleware/auth.go:36.46,44.4 2 0
github.com/nomnom-lk/backend/internal/middleware/auth.go:46.3,49.102 3 0
github.com/nomnom-lk/backend/internal/middleware/auth.go:49.102,51.4 1 0
github.com/nomnom-lk/backend/internal/middleware/auth.go:53.3,53.33 1 0
github.com/nomnom-lk/backend/internal/middleware/auth.go:53.33,61.4 2 0
github.com/nomnom-lk/backend/internal/middleware/auth.go:63.3,69.11 7 0
github.com/nomnom-lk/backend/internal/middleware/auth.go:73.50,75.13 2 1
github.com/nomnom-lk/backend/internal/middleware/auth.go:75.13,77.3 1 0
github.com/nomnom-lk/backend/internal/middleware/auth.go:78.2,79.9 2 1
github.com/nomnom-lk/backend/internal/middleware/auth.go:79.9,81.3 1 0
github.com/nomnom-lk/backend/internal/middleware/auth.go:82.2,83.16 2 1
github.com/nomnom-lk/backend/internal/middleware/auth.go:83.16,85.3 1 0
github.com/nomnom-lk/backend/internal/middleware/auth.go:86.2,86.21 1 1
github.com/nomnom-lk/backend/internal/middleware/auth.go:89.50,91.13 2 0
github.com/nomnom-lk/backend/internal/middleware/auth.go:91.13,93.3 1 0
github.com/nomnom-lk/backend/internal/middleware/auth.go:94.2,94.29 1 0
github.com/nomnom-lk/backend/internal/middleware/auth.go:97.49,99.13 2 0
github.com/nomnom-lk/backend/internal/middleware/auth.go:99.13,101.3 1 0
github.com/nomnom-lk/backend/internal/middleware/auth.go:102.2,102.28 1 0
github.com/nomnom-lk/backend/internal/middleware/auth.go:105.49,107.13 2 1
github.com/nomnom-lk/backend/internal/middleware/auth.go:107.13,109.3 1 0
github.com/nomnom-lk/backend/internal/middleware/auth.go:110.2,110.28 1 1
github.com/nomnom-lk/backend/internal/middleware/auth.go:113.55,115.13 2 0
github.com/nomnom-lk/backend/internal/middleware/auth.go:115.13,117.3 1 0
github.com/nomnom-lk/backend/internal/middleware/auth.go:118.2,119.29 2 0
github.com/nomnom-lk/backend/internal/middleware/auth.go:122.43,124.13 2 0
github.com/nomnom-lk/backend/internal/middleware/auth.go:124.13,126.3 1 0
github.com/nomnom-lk/backend/internal/middleware/auth.go:127.2,128.24 2 0
github.com/nomnom-lk/backend/internal/middleware/cors.go:9.43,12.30 2 0
github.com/nomnom-lk/backend/internal/middleware/cors.go:12.30,16.48 3 0
github.com/nomnom-lk/backend/internal/middleware/cors.go:16.48,18.33 2 0
github.com/nomnom-lk/backend/internal/middleware/cors.go:18.33,20.10 2 0
github.com/nomnom-lk/backend/internal/middleware/cors.go:24.3,24.14 1 0
github.com/nomnom-lk/backend/internal/middleware/cors.go:24.14,30.4 5 0
github.com/nomnom-lk/backend/internal/middleware/cors.go:32.3,32.36 1 0
github.com/nomnom-lk/backend/internal/middleware/cors.go:32.36,35.4 2 0
github.com/nomnom-lk/backend/internal/middleware/cors.go:37.3,37.11 1 0
github.com/nomnom-lk/backend/internal/middleware/dashboard.go:9.47,10.30 1 1
github.com/nomnom-lk/backend/internal/middleware/dashboard.go:10.30,12.14 2 1
github.com/nomnom-lk/backend/internal/middleware/dashboard.go:12.14,20.4 2 0
github.com/nomnom-lk/backend/internal/middleware/dashboard.go:22.3,22.52 1 1
github.com/nomnom-lk/backend/internal/middleware/dashboard.go:22.52,30.4 2 1
github.com/nomnom-lk/backend/internal/middleware/dashboard.go:32.3,32.11 1 1
github.com/nomnom-lk/backend/internal/middleware/localization.go:21.37,22.30 1 0
github.com/nomnom-lk/backend/internal/middleware/localization.go:22.30,24.17 2 0
github.com/nomnom-lk/backend/internal/middleware/localization.go:24.17,26.4 1 0
github.com/nomnom-lk/backend/internal/middleware/localization.go:27.3,27.32 1 0
github.com/nomnom-lk/backend/internal/middleware/localization.go:27.32,29.4 1 0
github.com/nomnom-lk/backend/internal/middleware/localization.go:30.3,31.11 2 0
github.com/nomnom-lk/backend/internal/middleware/localization.go:35.41,37.13 2 0
github.com/nomnom-lk/backend/internal/middleware/localization.go:37.13,39.3 1 0
github.com/nomnom-lk/backend/internal/middleware/localization.go:40.2,40.22 1 0
github.com/nomnom-lk/backend/internal/middleware/localization.go:43.103,45.48 2 0
github.com/nomnom-lk/backend/internal/middleware/localization.go:45.48,46.53 1 0
github.com/nomnom-lk/backend/internal/middleware/localization.go:46.53,49.4 2 0
github.com/nomnom-lk/backend/internal/middleware/localization.go:51.2,51.15 1 0
github.com/nomnom-lk/backend/internal/middleware/logger.go:10.49,11.30 1 0
github.com/nomnom-lk/backend/internal/middleware/logger.go:11.30,23.20 9 0
github.com/nomnom-lk/backend/internal/middleware/logger.go:23.20,25.4 1 0
github.com/nomnom-lk/backend/internal/middleware/logger.go:25.9,25.27 1 0
github.com/nomnom-lk/backend/internal/middleware/logger.go:25.27,27.4 1 0
github.com/nomnom-lk/backend/internal/middleware/logger.go:29.3,37.18 1 0
github.com/nomnom-lk/backend/internal/middleware/owner_scope.go:8.36,9.30 1 1
github.com/nomnom-lk/backend/internal/middleware/owner_scope.go:9.30,13.33 3 1
github.com/nomnom-lk/backend/internal/middleware/owner_scope.go:13.33,15.4 1 1
github.com/nomnom-lk/backend/internal/middleware/owner_scope.go:17.3,17.11 1 1
github.com/nomnom-lk/backend/internal/middleware/owner_scope.go:21.56,23.13 2 0
github.com/nomnom-lk/backend/internal/middleware/owner_scope.go:23.13,25.3 1 0
github.com/nomnom-lk/backend/internal/middleware/owner_scope.go:26.2,26.29 1 0
github.com/nomnom-lk/backend/internal/middleware/ratelimit.go:13.99,14.30 1 0
github.com/nomnom-lk/backend/internal/middleware/ratelimit.go:14.30,15.17 1 0
github.com/nomnom-lk/backend/internal/middleware/ratelimit.go:15.17,18.4 2 0
github.com/nomnom-lk/backend/internal/middleware/ratelimit.go:20.3,24.17 4 0
github.com/nomnom-lk/backend/internal/middleware/ratelimit.go:24.17,27.4 2 0
github.com/nomnom-lk/backend/internal/middleware/ratelimit.go:29.3,29.17 1 0
github.com/nomnom-lk/backend/internal/middleware/ratelimit.go:29.17,31.4 1 0
github.com/nomnom-lk/backend/internal/middleware/ratelimit.go:33.3,34.20 2 0
github.com/nomnom-lk/backend/internal/middleware/ratelimit.go:34.20,36.4 1 0
github.com/nomnom-lk/backend/internal/middleware/ratelimit.go:38.3,42.27 4 0
github.com/nomnom-lk/backend/internal/middleware/ratelimit.go:42.27,50.4 2 0
github.com/nomnom-lk/backend/internal/middleware/ratelimit.go:52.3,52.11 1 0
github.com/nomnom-lk/backend/internal/middleware/recovery.go:10.51,11.30 1 0
github.com/nomnom-lk/backend/internal/middleware/recovery.go:11.30,12.16 1 0
github.com/nomnom-lk/backend/internal/middleware/recovery.go:12.16,13.36 1 0
github.com/nomnom-lk/backend/internal/middleware/recovery.go:13.36,27.5 3 0
github.com/nomnom-lk/backend/internal/middleware/recovery.go:29.3,29.11 1 0
github.com/nomnom-lk/backend/internal/middleware/request_id.go:8.34,9.30 1 0
github.com/nomnom-lk/backend/internal/middleware/request_id.go:9.30,11.22 2 0
github.com/nomnom-lk/backend/internal/middleware/request_id.go:11.22,13.4 1 0
github.com/nomnom-lk/backend/internal/middleware/request_id.go:14.3,16.11 3 0
github.com/nomnom-lk/backend/internal/middleware/request_id.go:20.42,22.13 2 0
github.com/nomnom-lk/backend/internal/middleware/request_id.go:22.13,24.3 1 0
github.com/nomnom-lk/backend/internal/middleware/request_id.go:25.2,25.20 1 0
github.com/nomnom-lk/backend/internal/middleware/role.go:9.51,10.30 1 0
github.com/nomnom-lk/backend/internal/middleware/role.go:10.30,12.14 2 0
github.com/nomnom-lk/backend/internal/middleware/role.go:12.14,20.4 2 0
github.com/nomnom-lk/backend/internal/middleware/role.go:22.3,23.30 2 0
github.com/nomnom-lk/backend/internal/middleware/role.go:23.30,24.23 1 0
github.com/nomnom-lk/backend/internal/middleware/role.go:24.23,27.5 2 0
github.com/nomnom-lk/backend/internal/middleware/role.go:30.3,35.5 1 0
